35043 DEBUG [2013-03-14 09:06:48]  Request:
35043 DEBUG [2013-03-14 09:06:48]  GET:https://api.weibo.com/2/statuses/user_timeline.json
35044 DEBUG [2013-03-14 09:06:48]  Authorization: OAuth2 2.00itKq1ClJMBkDc9b8527a28Tma5LE
35044 DEBUG [2013-03-14 09:06:48]  API-RemoteIP: 192.168.1.101
35106 DEBUG [2013-03-14 09:06:48]  Response:
35107 DEBUG [2013-03-14 09:06:48]  https StatusCode:403
35107 DEBUG [2013-03-14 09:06:48]  Server:nginx/1.2.0
35107 DEBUG [2013-03-14 09:06:48]  Date:Thu, 14 Mar 2013 01:07:24 GMT
35107 DEBUG [2013-03-14 09:06:48]  Content-Type:application/json;charset=UTF-8
35107 DEBUG [2013-03-14 09:06:48]  Content-Length:106
35107 DEBUG [2013-03-14 09:06:48]  Connection:keep-alive
35107 DEBUG [2013-03-14 09:06:48]  Api-Server-IP:10.75.5.94
35108 DEBUG [2013-03-14 09:06:48]  Vary:Accept-Encoding
35108 DEBUG [2013-03-14 09:06:48]  X-Varnish:879768780
35108 DEBUG [2013-03-14 09:06:48]  Age:0
35108 DEBUG [2013-03-14 09:06:48]  Via:1.1 varnish
35108 DEBUG [2013-03-14 09:06:48]  {"error":"User requests out of rate limit!","error_code":10023,"request":"/2/statuses/user_timeline.json"}

35111 DEBUG [2013-03-14 09:06:48]  Request:
35111 DEBUG [2013-03-14 09:06:48]  GET:https://api.weibo.com/2/statuses/user_timeline.json
35112 DEBUG [2013-03-14 09:06:48]  Authorization: OAuth2 2.00itKq1ClJMBkDc9b8527a28Tma5LE
35112 DEBUG [2013-03-14 09:06:48]  API-RemoteIP: 192.168.1.101
35173 DEBUG [2013-03-14 09:06:48]  Response:
35173 DEBUG [2013-03-14 09:06:48]  https StatusCode:403
35173 DEBUG [2013-03-14 09:06:48]  Server:nginx/1.2.0
35174 DEBUG [2013-03-14 09:06:48]  Date:Thu, 14 Mar 2013 01:07:24 GMT
35174 DEBUG [2013-03-14 09:06:48]  Content-Type:application/json;charset=UTF-8
35174 DEBUG [2013-03-14 09:06:48]  Content-Length:106
35174 DEBUG [2013-03-14 09:06:48]  Connection:keep-alive
35174 DEBUG [2013-03-14 09:06:48]  Api-Server-IP:10.75.24.206
35174 DEBUG [2013-03-14 09:06:48]  Vary:Accept-Encoding
35174 DEBUG [2013-03-14 09:06:48]  X-Varnish:493636574
35174 DEBUG [2013-03-14 09:06:48]  Age:0
35174 DEBUG [2013-03-14 09:06:48]  Via:1.1 varnish
35174 DEBUG [2013-03-14 09:06:48]  {"error":"User requests out of rate limit!","error_code":10023,"request":"/2/statuses/user_timeline.json"}

35176 DEBUG [2013-03-14 09:06:48]  Request:
35176 DEBUG [2013-03-14 09:06:48]  GET:https://api.weibo.com/2/statuses/user_timeline.json
35177 DEBUG [2013-03-14 09:06:48]  Authorization: OAuth2 2.00itKq1ClJMBkDc9b8527a28Tma5LE
35177 DEBUG [2013-03-14 09:06:48]  API-RemoteIP: 192.168.1.101
35234 DEBUG [2013-03-14 09:06:48]  Response:
35234 DEBUG [2013-03-14 09:06:48]  https StatusCode:403
35234 DEBUG [2013-03-14 09:06:48]  Server:nginx/1.2.0
35234 DEBUG [2013-03-14 09:06:48]  Date:Thu, 14 Mar 2013 01:07:25 GMT
35234 DEBUG [2013-03-14 09:06:48]  Content-Type:application/json;charset=UTF-8
35234 DEBUG [2013-03-14 09:06:48]  Content-Length:106
35234 DEBUG [2013-03-14 09:06:48]  Connection:keep-alive
35234 DEBUG [2013-03-14 09:06:48]  Api-Server-IP:10.75.5.63
35234 DEBUG [2013-03-14 09:06:48]  Vary:Accept-Encoding
35235 DEBUG [2013-03-14 09:06:48]  X-Varnish:879769322
35235 DEBUG [2013-03-14 09:06:48]  Age:0
35235 DEBUG [2013-03-14 09:06:48]  Via:1.1 varnish
35235 DEBUG [2013-03-14 09:06:48]  {"error":"User requests out of rate limit!","error_code":10023,"request":"/2/statuses/user_timeline.json"}

35237 DEBUG [2013-03-14 09:06:48]  Request:
35237 DEBUG [2013-03-14 09:06:48]  GET:https://api.weibo.com/2/statuses/user_timeline.json
35237 DEBUG [2013-03-14 09:06:48]  Authorization: OAuth2 2.00itKq1ClJMBkDc9b8527a28Tma5LE
35237 DEBUG [2013-03-14 09:06:48]  API-RemoteIP: 192.168.1.101
35295 DEBUG [2013-03-14 09:06:48]  Response:
35295 DEBUG [2013-03-14 09:06:48]  https StatusCode:403
35295 DEBUG [2013-03-14 09:06:48]  Server:nginx/1.2.0
35295 DEBUG [2013-03-14 09:06:48]  Date:Thu, 14 Mar 2013 01:07:25 GMT
35295 DEBUG [2013-03-14 09:06:48]  Content-Type:application/json;charset=UTF-8
35295 DEBUG [2013-03-14 09:06:48]  Content-Length:106
35295 DEBUG [2013-03-14 09:06:48]  Connection:keep-alive
35295 DEBUG [2013-03-14 09:06:48]  Api-Server-IP:10.75.5.67
35296 DEBUG [2013-03-14 09:06:48]  Vary:Accept-Encoding
35296 DEBUG [2013-03-14 09:06:48]  X-Varnish:493637105
35296 DEBUG [2013-03-14 09:06:48]  Age:0
35296 DEBUG [2013-03-14 09:06:48]  Via:1.1 varnish
35296 DEBUG [2013-03-14 09:06:48]  {"error":"User requests out of rate limit!","error_code":10023,"request":"/2/statuses/user_timeline.json"}

35298 DEBUG [2013-03-14 09:06:48]  Request:
35298 DEBUG [2013-03-14 09:06:48]  GET:https://api.weibo.com/2/statuses/user_timeline.json
35298 DEBUG [2013-03-14 09:06:48]  Authorization: OAuth2 2.00itKq1ClJMBkDc9b8527a28Tma5LE
35298 DEBUG [2013-03-14 09:06:48]  API-RemoteIP: 192.168.1.101
35357 DEBUG [2013-03-14 09:06:48]  Response:
35357 DEBUG [2013-03-14 09:06:48]  https StatusCode:403
35357 DEBUG [2013-03-14 09:06:48]  Server:nginx/1.2.0
35357 DEBUG [2013-03-14 09:06:48]  Date:Thu, 14 Mar 2013 01:07:25 GMT
35357 DEBUG [2013-03-14 09:06:48]  Content-Type:application/json;charset=UTF-8
35358 DEBUG [2013-03-14 09:06:48]  Content-Length:106
35358 DEBUG [2013-03-14 09:06:48]  Connection:keep-alive
35358 DEBUG [2013-03-14 09:06:48]  Api-Server-IP:10.75.5.59
35358 DEBUG [2013-03-14 09:06:48]  Vary:Accept-Encoding
35358 DEBUG [2013-03-14 09:06:48]  X-Varnish:1811486074
35358 DEBUG [2013-03-14 09:06:48]  Age:0
35358 DEBUG [2013-03-14 09:06:48]  Via:1.1 varnish
35358 DEBUG [2013-03-14 09:06:48]  {"error":"User requests out of rate limit!","error_code":10023,"request":"/2/statuses/user_timeline.json"}

35359 DEBUG [2013-03-14 09:06:48]  Request:
35359 DEBUG [2013-03-14 09:06:48]  GET:https://api.weibo.com/2/statuses/user_timeline.json
35360 DEBUG [2013-03-14 09:06:48]  Authorization: OAuth2 2.00itKq1ClJMBkDc9b8527a28Tma5LE
35360 DEBUG [2013-03-14 09:06:48]  API-RemoteIP: 192.168.1.101
35419 DEBUG [2013-03-14 09:06:48]  Response:
35419 DEBUG [2013-03-14 09:06:48]  https StatusCode:403
35420 DEBUG [2013-03-14 09:06:48]  Server:nginx/1.2.0
35420 DEBUG [2013-03-14 09:06:48]  Date:Thu, 14 Mar 2013 01:07:25 GMT
35420 DEBUG [2013-03-14 09:06:48]  Content-Type:application/json;charset=UTF-8
35420 DEBUG [2013-03-14 09:06:48]  Content-Length:106
35420 DEBUG [2013-03-14 09:06:48]  Connection:keep-alive
35420 DEBUG [2013-03-14 09:06:48]  Api-Server-IP:10.75.5.63
35420 DEBUG [2013-03-14 09:06:48]  Vary:Accept-Encoding
35420 DEBUG [2013-03-14 09:06:48]  X-Varnish:232914900
35420 DEBUG [2013-03-14 09:06:48]  Age:0
35420 DEBUG [2013-03-14 09:06:48]  Via:1.1 varnish
35420 DEBUG [2013-03-14 09:06:48]  {"error":"User requests out of rate limit!","error_code":10023,"request":"/2/statuses/user_timeline.json"}

35422 DEBUG [2013-03-14 09:06:48]  Request:
35422 DEBUG [2013-03-14 09:06:48]  GET:https://api.weibo.com/2/statuses/user_timeline.json
35422 DEBUG [2013-03-14 09:06:48]  Authorization: OAuth2 2.00itKq1ClJMBkDc9b8527a28Tma5LE
35422 DEBUG [2013-03-14 09:06:48]  API-RemoteIP: 192.168.1.101
35483 DEBUG [2013-03-14 09:06:49]  Response:
35483 DEBUG [2013-03-14 09:06:49]  https StatusCode:403
35483 DEBUG [2013-03-14 09:06:49]  Server:nginx/1.2.0
35483 DEBUG [2013-03-14 09:06:49]  Date:Thu, 14 Mar 2013 01:07:25 GMT
35483 DEBUG [2013-03-14 09:06:49]  Content-Type:application/json;charset=UTF-8
35483 DEBUG [2013-03-14 09:06:49]  Content-Length:106
35483 DEBUG [2013-03-14 09:06:49]  Connection:keep-alive
35484 DEBUG [2013-03-14 09:06:49]  Api-Server-IP:10.75.24.204
35484 DEBUG [2013-03-14 09:06:49]  Vary:Accept-Encoding
35484 DEBUG [2013-03-14 09:06:49]  X-Varnish:1811486650
35484 DEBUG [2013-03-14 09:06:49]  Age:0
35484 DEBUG [2013-03-14 09:06:49]  Via:1.1 varnish
35484 DEBUG [2013-03-14 09:06:49]  {"error":"User requests out of rate limit!","error_code":10023,"request":"/2/statuses/user_timeline.json"}

35486 DEBUG [2013-03-14 09:06:49]  Request:
35486 DEBUG [2013-03-14 09:06:49]  GET:https://api.weibo.com/2/statuses/user_timeline.json
35487 DEBUG [2013-03-14 09:06:49]  Authorization: OAuth2 2.00itKq1ClJMBkDc9b8527a28Tma5LE
35487 DEBUG [2013-03-14 09:06:49]  API-RemoteIP: 192.168.1.101
35545 DEBUG [2013-03-14 09:06:49]  Response:
35546 DEBUG [2013-03-14 09:06:49]  https StatusCode:403
35546 DEBUG [2013-03-14 09:06:49]  Server:nginx/1.2.0
35546 DEBUG [2013-03-14 09:06:49]  Date:Thu, 14 Mar 2013 01:07:25 GMT
35546 DEBUG [2013-03-14 09:06:49]  Content-Type:application/json;charset=UTF-8
35546 DEBUG [2013-03-14 09:06:49]  Content-Length:106
35546 DEBUG [2013-03-14 09:06:49]  Connection:keep-alive
35546 DEBUG [2013-03-14 09:06:49]  Api-Server-IP:10.75.0.174
35546 DEBUG [2013-03-14 09:06:49]  Vary:Accept-Encoding
35546 DEBUG [2013-03-14 09:06:49]  X-Varnish:879770678
35546 DEBUG [2013-03-14 09:06:49]  Age:0
35546 DEBUG [2013-03-14 09:06:49]  Via:1.1 varnish
35546 DEBUG [2013-03-14 09:06:49]  {"error":"User requests out of rate limit!","error_code":10023,"request":"/2/statuses/user_timeline.json"}

35548 DEBUG [2013-03-14 09:06:49]  Request:
35548 DEBUG [2013-03-14 09:06:49]  GET:https://api.weibo.com/2/statuses/user_timeline.json
35549 DEBUG [2013-03-14 09:06:49]  Authorization: OAuth2 2.00itKq1ClJMBkDc9b8527a28Tma5LE
35549 DEBUG [2013-03-14 09:06:49]  API-RemoteIP: 192.168.1.101
35610 DEBUG [2013-03-14 09:06:49]  Response:
35611 DEBUG [2013-03-14 09:06:49]  https StatusCode:403
35611 DEBUG [2013-03-14 09:06:49]  Server:nginx/1.2.0
35611 DEBUG [2013-03-14 09:06:49]  Date:Thu, 14 Mar 2013 01:07:25 GMT
35611 DEBUG [2013-03-14 09:06:49]  Content-Type:application/json;charset=UTF-8
35611 DEBUG [2013-03-14 09:06:49]  Content-Length:106
35611 DEBUG [2013-03-14 09:06:49]  Connection:keep-alive
35611 DEBUG [2013-03-14 09:06:49]  Api-Server-IP:10.75.24.202
35611 DEBUG [2013-03-14 09:06:49]  Vary:Accept-Encoding
35611 DEBUG [2013-03-14 09:06:49]  X-Varnish:493638532
35611 DEBUG [2013-03-14 09:06:49]  Age:0
35611 DEBUG [2013-03-14 09:06:49]  Via:1.1 varnish
35612 DEBUG [2013-03-14 09:06:49]  {"error":"User requests out of rate limit!","error_code":10023,"request":"/2/statuses/user_timeline.json"}

35613 DEBUG [2013-03-14 09:06:49]  Request:
35613 DEBUG [2013-03-14 09:06:49]  GET:https://api.weibo.com/2/statuses/user_timeline.json
35614 DEBUG [2013-03-14 09:06:49]  Authorization: OAuth2 2.00itKq1ClJMBkDc9b8527a28Tma5LE
35614 DEBUG [2013-03-14 09:06:49]  API-RemoteIP: 192.168.1.101
35670 DEBUG [2013-03-14 09:06:49]  Response:
35671 DEBUG [2013-03-14 09:06:49]  https StatusCode:403
35671 DEBUG [2013-03-14 09:06:49]  Server:nginx/1.2.0
35671 DEBUG [2013-03-14 09:06:49]  Date:Thu, 14 Mar 2013 01:07:25 GMT
35671 DEBUG [2013-03-14 09:06:49]  Content-Type:application/json;charset=UTF-8
35671 DEBUG [2013-03-14 09:06:49]  Content-Length:106
35671 DEBUG [2013-03-14 09:06:49]  Connection:keep-alive
35671 DEBUG [2013-03-14 09:06:49]  Api-Server-IP:10.75.0.170
35671 DEBUG [2013-03-14 09:06:49]  Vary:Accept-Encoding
35671 DEBUG [2013-03-14 09:06:49]  X-Varnish:232916061
35671 DEBUG [2013-03-14 09:06:49]  Age:0
35671 DEBUG [2013-03-14 09:06:49]  Via:1.1 varnish
35671 DEBUG [2013-03-14 09:06:49]  {"error":"User requests out of rate limit!","error_code":10023,"request":"/2/statuses/user_timeline.json"}

35672 DEBUG [2013-03-14 09:06:49]  Request:
35673 DEBUG [2013-03-14 09:06:49]  GET:https://api.weibo.com/2/statuses/user_timeline.json
35673 DEBUG [2013-03-14 09:06:49]  Authorization: OAuth2 2.00itKq1ClJMBkDc9b8527a28Tma5LE
35673 DEBUG [2013-03-14 09:06:49]  API-RemoteIP: 192.168.1.101
35732 DEBUG [2013-03-14 09:06:49]  Response:
35733 DEBUG [2013-03-14 09:06:49]  https StatusCode:403
35733 DEBUG [2013-03-14 09:06:49]  Server:nginx/1.2.0
35733 DEBUG [2013-03-14 09:06:49]  Date:Thu, 14 Mar 2013 01:07:25 GMT
35733 DEBUG [2013-03-14 09:06:49]  Content-Type:application/json;charset=UTF-8
35733 DEBUG [2013-03-14 09:06:49]  Content-Length:106
35733 DEBUG [2013-03-14 09:06:49]  Connection:keep-alive
35733 DEBUG [2013-03-14 09:06:49]  Api-Server-IP:10.75.0.173
35733 DEBUG [2013-03-14 09:06:49]  Vary:Accept-Encoding
35733 DEBUG [2013-03-14 09:06:49]  X-Varnish:1811487824
35733 DEBUG [2013-03-14 09:06:49]  Age:0
35734 DEBUG [2013-03-14 09:06:49]  Via:1.1 varnish
35734 DEBUG [2013-03-14 09:06:49]  {"error":"User requests out of rate limit!","error_code":10023,"request":"/2/statuses/user_timeline.json"}

35737 DEBUG [2013-03-14 09:06:49]  Request:
35737 DEBUG [2013-03-14 09:06:49]  GET:https://api.weibo.com/2/statuses/user_timeline.json
35737 DEBUG [2013-03-14 09:06:49]  Authorization: OAuth2 2.00itKq1ClJMBkDc9b8527a28Tma5LE
35738 DEBUG [2013-03-14 09:06:49]  API-RemoteIP: 192.168.1.101
35795 DEBUG [2013-03-14 09:06:49]  Response:
35795 DEBUG [2013-03-14 09:06:49]  https StatusCode:403
35795 DEBUG [2013-03-14 09:06:49]  Server:nginx/1.2.0
35795 DEBUG [2013-03-14 09:06:49]  Date:Thu, 14 Mar 2013 01:07:25 GMT
35795 DEBUG [2013-03-14 09:06:49]  Content-Type:application/json;charset=UTF-8
35795 DEBUG [2013-03-14 09:06:49]  Content-Length:106
35795 DEBUG [2013-03-14 09:06:49]  Connection:keep-alive
35795 DEBUG [2013-03-14 09:06:49]  Api-Server-IP:10.75.5.61
35795 DEBUG [2013-03-14 09:06:49]  Vary:Accept-Encoding
35796 DEBUG [2013-03-14 09:06:49]  X-Varnish:232916614
35796 DEBUG [2013-03-14 09:06:49]  Age:0
35796 DEBUG [2013-03-14 09:06:49]  Via:1.1 varnish
35796 DEBUG [2013-03-14 09:06:49]  {"error":"User requests out of rate limit!","error_code":10023,"request":"/2/statuses/user_timeline.json"}

35801 DEBUG [2013-03-14 09:06:49]  Request:
35801 DEBUG [2013-03-14 09:06:49]  GET:https://api.weibo.com/2/statuses/user_timeline.json
35811 DEBUG [2013-03-14 09:06:49]  Authorization: OAuth2 2.00itKq1ClJMBkDc9b8527a28Tma5LE
35811 DEBUG [2013-03-14 09:06:49]  API-RemoteIP: 192.168.1.101
35871 DEBUG [2013-03-14 09:06:49]  Response:
35871 DEBUG [2013-03-14 09:06:49]  https StatusCode:403
35871 DEBUG [2013-03-14 09:06:49]  Server:nginx/1.2.0
35871 DEBUG [2013-03-14 09:06:49]  Date:Thu, 14 Mar 2013 01:07:25 GMT
35871 DEBUG [2013-03-14 09:06:49]  Content-Type:application/json;charset=UTF-8
35871 DEBUG [2013-03-14 09:06:49]  Content-Length:106
35871 DEBUG [2013-03-14 09:06:49]  Connection:keep-alive
35871 DEBUG [2013-03-14 09:06:49]  Api-Server-IP:10.75.5.56
35871 DEBUG [2013-03-14 09:06:49]  Vary:Accept-Encoding
35871 DEBUG [2013-03-14 09:06:49]  X-Varnish:493639708
35871 DEBUG [2013-03-14 09:06:49]  Age:0
35871 DEBUG [2013-03-14 09:06:49]  Via:1.1 varnish
35871 DEBUG [2013-03-14 09:06:49]  {"error":"User requests out of rate limit!","error_code":10023,"request":"/2/statuses/user_timeline.json"}

35874 DEBUG [2013-03-14 09:06:49]  Request:
35874 DEBUG [2013-03-14 09:06:49]  GET:https://api.weibo.com/2/statuses/user_timeline.json
35874 DEBUG [2013-03-14 09:06:49]  Authorization: OAuth2 2.00itKq1ClJMBkDc9b8527a28Tma5LE
35874 DEBUG [2013-03-14 09:06:49]  API-RemoteIP: 192.168.1.101
35932 DEBUG [2013-03-14 09:06:49]  Response:
35932 DEBUG [2013-03-14 09:06:49]  https StatusCode:403
35932 DEBUG [2013-03-14 09:06:49]  Server:nginx/1.2.0
35932 DEBUG [2013-03-14 09:06:49]  Date:Thu, 14 Mar 2013 01:07:25 GMT
35932 DEBUG [2013-03-14 09:06:49]  Content-Type:application/json;charset=UTF-8
35932 DEBUG [2013-03-14 09:06:49]  Content-Length:106
35932 DEBUG [2013-03-14 09:06:49]  Connection:keep-alive
35932 DEBUG [2013-03-14 09:06:49]  Api-Server-IP:10.75.5.68
35932 DEBUG [2013-03-14 09:06:49]  Vary:Accept-Encoding
35932 DEBUG [2013-03-14 09:06:49]  X-Varnish:1811488723
35932 DEBUG [2013-03-14 09:06:49]  Age:0
35932 DEBUG [2013-03-14 09:06:49]  Via:1.1 varnish
35932 DEBUG [2013-03-14 09:06:49]  {"error":"User requests out of rate limit!","error_code":10023,"request":"/2/statuses/user_timeline.json"}

35934 DEBUG [2013-03-14 09:06:49]  Request:
35934 DEBUG [2013-03-14 09:06:49]  GET:https://api.weibo.com/2/statuses/user_timeline.json
35934 DEBUG [2013-03-14 09:06:49]  Authorization: OAuth2 2.00itKq1ClJMBkDc9b8527a28Tma5LE
35934 DEBUG [2013-03-14 09:06:49]  API-RemoteIP: 192.168.1.101
35993 DEBUG [2013-03-14 09:06:49]  Response:
35993 DEBUG [2013-03-14 09:06:49]  https StatusCode:403
35993 DEBUG [2013-03-14 09:06:49]  Server:nginx/1.2.0
35993 DEBUG [2013-03-14 09:06:49]  Date:Thu, 14 Mar 2013 01:07:25 GMT
35993 DEBUG [2013-03-14 09:06:49]  Content-Type:application/json;charset=UTF-8
35994 DEBUG [2013-03-14 09:06:49]  Content-Length:106
35994 DEBUG [2013-03-14 09:06:49]  Connection:keep-alive
35994 DEBUG [2013-03-14 09:06:49]  Api-Server-IP:10.75.5.56
35994 DEBUG [2013-03-14 09:06:49]  Vary:Accept-Encoding
35994 DEBUG [2013-03-14 09:06:49]  X-Varnish:493640211
35994 DEBUG [2013-03-14 09:06:49]  Age:0
35994 DEBUG [2013-03-14 09:06:49]  Via:1.1 varnish
35994 DEBUG [2013-03-14 09:06:49]  {"error":"User requests out of rate limit!","error_code":10023,"request":"/2/statuses/user_timeline.json"}

35996 DEBUG [2013-03-14 09:06:49]  Request:
35996 DEBUG [2013-03-14 09:06:49]  GET:https://api.weibo.com/2/statuses/user_timeline.json
35996 DEBUG [2013-03-14 09:06:49]  Authorization: OAuth2 2.00itKq1ClJMBkDc9b8527a28Tma5LE
35996 DEBUG [2013-03-14 09:06:49]  API-RemoteIP: 192.168.1.101
36055 DEBUG [2013-03-14 09:06:49]  Response:
36055 DEBUG [2013-03-14 09:06:49]  https StatusCode:403
36056 DEBUG [2013-03-14 09:06:49]  Server:nginx/1.2.0
36056 DEBUG [2013-03-14 09:06:49]  Date:Thu, 14 Mar 2013 01:07:25 GMT
36056 DEBUG [2013-03-14 09:06:49]  Content-Type:application/json;charset=UTF-8
36056 DEBUG [2013-03-14 09:06:49]  Content-Length:106
36056 DEBUG [2013-03-14 09:06:49]  Connection:keep-alive
36056 DEBUG [2013-03-14 09:06:49]  Api-Server-IP:10.75.5.66
36056 DEBUG [2013-03-14 09:06:49]  Vary:Accept-Encoding
36056 DEBUG [2013-03-14 09:06:49]  X-Varnish:1811489249
36057 DEBUG [2013-03-14 09:06:49]  Age:0
36057 DEBUG [2013-03-14 09:06:49]  Via:1.1 varnish
36057 DEBUG [2013-03-14 09:06:49]  {"error":"User requests out of rate limit!","error_code":10023,"request":"/2/statuses/user_timeline.json"}

36060 DEBUG [2013-03-14 09:06:49]  Request:
36060 DEBUG [2013-03-14 09:06:49]  GET:https://api.weibo.com/2/statuses/user_timeline.json
36060 DEBUG [2013-03-14 09:06:49]  Authorization: OAuth2 2.00itKq1ClJMBkDc9b8527a28Tma5LE
36061 DEBUG [2013-03-14 09:06:49]  API-RemoteIP: 192.168.1.101
36137 DEBUG [2013-03-14 09:06:49]  Response:
36137 DEBUG [2013-03-14 09:06:49]  https StatusCode:403
36137 DEBUG [2013-03-14 09:06:49]  Server:nginx/1.2.0
36137 DEBUG [2013-03-14 09:06:49]  Date:Thu, 14 Mar 2013 01:07:25 GMT
36137 DEBUG [2013-03-14 09:06:49]  Content-Type:application/json;charset=UTF-8
36137 DEBUG [2013-03-14 09:06:49]  Content-Length:106
36137 DEBUG [2013-03-14 09:06:49]  Connection:keep-alive
36137 DEBUG [2013-03-14 09:06:49]  Api-Server-IP:10.75.5.57
36137 DEBUG [2013-03-14 09:06:49]  Vary:Accept-Encoding
36137 DEBUG [2013-03-14 09:06:49]  X-Varnish:493640841
36137 DEBUG [2013-03-14 09:06:49]  Age:0
36137 DEBUG [2013-03-14 09:06:49]  Via:1.1 varnish
36137 DEBUG [2013-03-14 09:06:49]  {"error":"User requests out of rate limit!","error_code":10023,"request":"/2/statuses/user_timeline.json"}

36139 DEBUG [2013-03-14 09:06:49]  Request:
36139 DEBUG [2013-03-14 09:06:49]  GET:https://api.weibo.com/2/statuses/user_timeline.json
36139 DEBUG [2013-03-14 09:06:49]  Authorization: OAuth2 2.00itKq1ClJMBkDc9b8527a28Tma5LE
36139 DEBUG [2013-03-14 09:06:49]  API-RemoteIP: 192.168.1.101
36198 DEBUG [2013-03-14 09:06:49]  Response:
36198 DEBUG [2013-03-14 09:06:49]  https StatusCode:403
36198 DEBUG [2013-03-14 09:06:49]  Server:nginx/1.2.0
36198 DEBUG [2013-03-14 09:06:49]  Date:Thu, 14 Mar 2013 01:07:25 GMT
36198 DEBUG [2013-03-14 09:06:49]  Content-Type:application/json;charset=UTF-8
36198 DEBUG [2013-03-14 09:06:49]  Content-Length:106
36198 DEBUG [2013-03-14 09:06:49]  Connection:keep-alive
36198 DEBUG [2013-03-14 09:06:49]  Api-Server-IP:10.75.5.60
36198 DEBUG [2013-03-14 09:06:49]  Vary:Accept-Encoding
36198 DEBUG [2013-03-14 09:06:49]  X-Varnish:879773595
36198 DEBUG [2013-03-14 09:06:49]  Age:0
36199 DEBUG [2013-03-14 09:06:49]  Via:1.1 varnish
36199 DEBUG [2013-03-14 09:06:49]  {"error":"User requests out of rate limit!","error_code":10023,"request":"/2/statuses/user_timeline.json"}

36201 DEBUG [2013-03-14 09:06:49]  Request:
36201 DEBUG [2013-03-14 09:06:49]  GET:https://api.weibo.com/2/statuses/user_timeline.json
36202 DEBUG [2013-03-14 09:06:49]  Authorization: OAuth2 2.00itKq1ClJMBkDc9b8527a28Tma5LE
36202 DEBUG [2013-03-14 09:06:49]  API-RemoteIP: 192.168.1.101
36263 DEBUG [2013-03-14 09:06:49]  Response:
36263 DEBUG [2013-03-14 09:06:49]  https StatusCode:403
36263 DEBUG [2013-03-14 09:06:49]  Server:nginx/1.2.0
36263 DEBUG [2013-03-14 09:06:49]  Date:Thu, 14 Mar 2013 01:07:26 GMT
36263 DEBUG [2013-03-14 09:06:49]  Content-Type:application/json;charset=UTF-8
36263 DEBUG [2013-03-14 09:06:49]  Content-Length:106
36263 DEBUG [2013-03-14 09:06:49]  Connection:keep-alive
36263 DEBUG [2013-03-14 09:06:49]  Api-Server-IP:10.75.24.201
36263 DEBUG [2013-03-14 09:06:49]  Vary:Accept-Encoding
36263 DEBUG [2013-03-14 09:06:49]  X-Varnish:493641402
36264 DEBUG [2013-03-14 09:06:49]  Age:0
36264 DEBUG [2013-03-14 09:06:49]  Via:1.1 varnish
36264 DEBUG [2013-03-14 09:06:49]  {"error":"User requests out of rate limit!","error_code":10023,"request":"/2/statuses/user_timeline.json"}

36265 DEBUG [2013-03-14 09:06:49]  Request:
36265 DEBUG [2013-03-14 09:06:49]  GET:https://api.weibo.com/2/statuses/user_timeline.json
36266 DEBUG [2013-03-14 09:06:49]  Authorization: OAuth2 2.00itKq1ClJMBkDc9b8527a28Tma5LE
36266 DEBUG [2013-03-14 09:06:49]  API-RemoteIP: 192.168.1.101
36323 DEBUG [2013-03-14 09:06:49]  Response:
36323 DEBUG [2013-03-14 09:06:49]  https StatusCode:403
36323 DEBUG [2013-03-14 09:06:49]  Server:nginx/1.2.0
36324 DEBUG [2013-03-14 09:06:49]  Date:Thu, 14 Mar 2013 01:07:26 GMT
36324 DEBUG [2013-03-14 09:06:49]  Content-Type:application/json;charset=UTF-8
36324 DEBUG [2013-03-14 09:06:49]  Content-Length:106
36324 DEBUG [2013-03-14 09:06:49]  Connection:keep-alive
36324 DEBUG [2013-03-14 09:06:49]  Api-Server-IP:10.75.5.64
36324 DEBUG [2013-03-14 09:06:49]  Vary:Accept-Encoding
36324 DEBUG [2013-03-14 09:06:49]  X-Varnish:493641666
36324 DEBUG [2013-03-14 09:06:49]  Age:0
36324 DEBUG [2013-03-14 09:06:49]  Via:1.1 varnish
36325 DEBUG [2013-03-14 09:06:49]  {"error":"User requests out of rate limit!","error_code":10023,"request":"/2/statuses/user_timeline.json"}

36329 DEBUG [2013-03-14 09:06:49]  Request:
36329 DEBUG [2013-03-14 09:06:49]  GET:https://api.weibo.com/2/statuses/user_timeline.json
36330 DEBUG [2013-03-14 09:06:49]  Authorization: OAuth2 2.00itKq1ClJMBkDc9b8527a28Tma5LE
36330 DEBUG [2013-03-14 09:06:49]  API-RemoteIP: 192.168.1.101
36389 DEBUG [2013-03-14 09:06:49]  Response:
36389 DEBUG [2013-03-14 09:06:49]  https StatusCode:403
36389 DEBUG [2013-03-14 09:06:49]  Server:nginx/1.2.0
36389 DEBUG [2013-03-14 09:06:49]  Date:Thu, 14 Mar 2013 01:07:26 GMT
36389 DEBUG [2013-03-14 09:06:49]  Content-Type:application/json;charset=UTF-8
36389 DEBUG [2013-03-14 09:06:49]  Content-Length:106
36389 DEBUG [2013-03-14 09:06:49]  Connection:keep-alive
36389 DEBUG [2013-03-14 09:06:49]  Api-Server-IP:10.75.5.64
36390 DEBUG [2013-03-14 09:06:49]  Vary:Accept-Encoding
36390 DEBUG [2013-03-14 09:06:49]  X-Varnish:232919256
36390 DEBUG [2013-03-14 09:06:49]  Age:0
36390 DEBUG [2013-03-14 09:06:49]  Via:1.1 varnish
36390 DEBUG [2013-03-14 09:06:49]  {"error":"User requests out of rate limit!","error_code":10023,"request":"/2/statuses/user_timeline.json"}

36392 DEBUG [2013-03-14 09:06:49]  Request:
36392 DEBUG [2013-03-14 09:06:49]  GET:https://api.weibo.com/2/statuses/user_timeline.json
36393 DEBUG [2013-03-14 09:06:49]  Authorization: OAuth2 2.00itKq1ClJMBkDc9b8527a28Tma5LE
36393 DEBUG [2013-03-14 09:06:49]  API-RemoteIP: 192.168.1.101
36451 DEBUG [2013-03-14 09:06:49]  Response:
36451 DEBUG [2013-03-14 09:06:49]  https StatusCode:403
36451 DEBUG [2013-03-14 09:06:49]  Server:nginx/1.2.0
36451 DEBUG [2013-03-14 09:06:49]  Date:Thu, 14 Mar 2013 01:07:26 GMT
36451 DEBUG [2013-03-14 09:06:49]  Content-Type:application/json;charset=UTF-8
36451 DEBUG [2013-03-14 09:06:49]  Content-Length:106
36452 DEBUG [2013-03-14 09:06:49]  Connection:keep-alive
36452 DEBUG [2013-03-14 09:06:49]  Api-Server-IP:10.75.24.202
36452 DEBUG [2013-03-14 09:06:49]  Vary:Accept-Encoding
36452 DEBUG [2013-03-14 09:06:49]  X-Varnish:232919522
36452 DEBUG [2013-03-14 09:06:49]  Age:0
36452 DEBUG [2013-03-14 09:06:49]  Via:1.1 varnish
36452 DEBUG [2013-03-14 09:06:49]  {"error":"User requests out of rate limit!","error_code":10023,"request":"/2/statuses/user_timeline.json"}

36459 DEBUG [2013-03-14 09:06:49]  Request:
36459 DEBUG [2013-03-14 09:06:49]  GET:https://api.weibo.com/2/statuses/user_timeline.json
36460 DEBUG [2013-03-14 09:06:49]  Authorization: OAuth2 2.00itKq1ClJMBkDc9b8527a28Tma5LE
36460 DEBUG [2013-03-14 09:06:49]  API-RemoteIP: 192.168.1.101
36519 DEBUG [2013-03-14 09:06:50]  Response:
36519 DEBUG [2013-03-14 09:06:50]  https StatusCode:403
36519 DEBUG [2013-03-14 09:06:50]  Server:nginx/1.2.0
36520 DEBUG [2013-03-14 09:06:50]  Date:Thu, 14 Mar 2013 01:07:26 GMT
36520 DEBUG [2013-03-14 09:06:50]  Content-Type:application/json;charset=UTF-8
36520 DEBUG [2013-03-14 09:06:50]  Content-Length:106
36520 DEBUG [2013-03-14 09:06:50]  Connection:keep-alive
36520 DEBUG [2013-03-14 09:06:50]  Api-Server-IP:10.75.5.91
36520 DEBUG [2013-03-14 09:06:50]  Vary:Accept-Encoding
36520 DEBUG [2013-03-14 09:06:50]  X-Varnish:1811491279
36520 DEBUG [2013-03-14 09:06:50]  Age:0
36520 DEBUG [2013-03-14 09:06:50]  Via:1.1 varnish
36520 DEBUG [2013-03-14 09:06:50]  {"error":"User requests out of rate limit!","error_code":10023,"request":"/2/statuses/user_timeline.json"}

36521 DEBUG [2013-03-14 09:06:50]  Request:
36521 DEBUG [2013-03-14 09:06:50]  GET:https://api.weibo.com/2/statuses/user_timeline.json
36522 DEBUG [2013-03-14 09:06:50]  Authorization: OAuth2 2.00itKq1ClJMBkDc9b8527a28Tma5LE
36522 DEBUG [2013-03-14 09:06:50]  API-RemoteIP: 192.168.1.101
36577 DEBUG [2013-03-14 09:06:50]  Response:
36578 DEBUG [2013-03-14 09:06:50]  https StatusCode:403
36578 DEBUG [2013-03-14 09:06:50]  Server:nginx/1.2.0
36578 DEBUG [2013-03-14 09:06:50]  Date:Thu, 14 Mar 2013 01:07:26 GMT
36578 DEBUG [2013-03-14 09:06:50]  Content-Type:application/json;charset=UTF-8
36578 DEBUG [2013-03-14 09:06:50]  Content-Length:106
36578 DEBUG [2013-03-14 09:06:50]  Connection:keep-alive
36578 DEBUG [2013-03-14 09:06:50]  Api-Server-IP:10.75.5.91
36578 DEBUG [2013-03-14 09:06:50]  Vary:Accept-Encoding
36578 DEBUG [2013-03-14 09:06:50]  X-Varnish:879775303
36578 DEBUG [2013-03-14 09:06:50]  Age:0
36578 DEBUG [2013-03-14 09:06:50]  Via:1.1 varnish
36579 DEBUG [2013-03-14 09:06:50]  {"error":"User requests out of rate limit!","error_code":10023,"request":"/2/statuses/user_timeline.json"}

36581 DEBUG [2013-03-14 09:06:50]  Request:
36581 DEBUG [2013-03-14 09:06:50]  GET:https://api.weibo.com/2/statuses/user_timeline.json
36582 DEBUG [2013-03-14 09:06:50]  Authorization: OAuth2 2.00itKq1ClJMBkDc9b8527a28Tma5LE
36582 DEBUG [2013-03-14 09:06:50]  API-RemoteIP: 192.168.1.101
36643 DEBUG [2013-03-14 09:06:50]  Response:
36643 DEBUG [2013-03-14 09:06:50]  https StatusCode:403
36643 DEBUG [2013-03-14 09:06:50]  Server:nginx/1.2.0
36643 DEBUG [2013-03-14 09:06:50]  Date:Thu, 14 Mar 2013 01:07:26 GMT
36643 DEBUG [2013-03-14 09:06:50]  Content-Type:application/json;charset=UTF-8
36643 DEBUG [2013-03-14 09:06:50]  Content-Length:106
36643 DEBUG [2013-03-14 09:06:50]  Connection:keep-alive
36643 DEBUG [2013-03-14 09:06:50]  Api-Server-IP:10.75.5.68
36643 DEBUG [2013-03-14 09:06:50]  Vary:Accept-Encoding
36643 DEBUG [2013-03-14 09:06:50]  X-Varnish:232920363
36643 DEBUG [2013-03-14 09:06:50]  Age:0
36643 DEBUG [2013-03-14 09:06:50]  Via:1.1 varnish
36645 DEBUG [2013-03-14 09:06:50]  {"error":"User requests out of rate limit!","error_code":10023,"request":"/2/statuses/user_timeline.json"}

36647 DEBUG [2013-03-14 09:06:50]  Request:
36647 DEBUG [2013-03-14 09:06:50]  GET:https://api.weibo.com/2/statuses/user_timeline.json
36648 DEBUG [2013-03-14 09:06:50]  Authorization: OAuth2 2.00itKq1ClJMBkDc9b8527a28Tma5LE
36648 DEBUG [2013-03-14 09:06:50]  API-RemoteIP: 192.168.1.101
36707 DEBUG [2013-03-14 09:06:50]  Response:
36707 DEBUG [2013-03-14 09:06:50]  https StatusCode:403
36707 DEBUG [2013-03-14 09:06:50]  Server:nginx/1.2.0
36707 DEBUG [2013-03-14 09:06:50]  Date:Thu, 14 Mar 2013 01:07:26 GMT
36707 DEBUG [2013-03-14 09:06:50]  Content-Type:application/json;charset=UTF-8
36707 DEBUG [2013-03-14 09:06:50]  Content-Length:106
36707 DEBUG [2013-03-14 09:06:50]  Connection:keep-alive
36707 DEBUG [2013-03-14 09:06:50]  Api-Server-IP:10.75.24.204
36707 DEBUG [2013-03-14 09:06:50]  Vary:Accept-Encoding
36707 DEBUG [2013-03-14 09:06:50]  X-Varnish:879775859
36707 DEBUG [2013-03-14 09:06:50]  Age:0
36707 DEBUG [2013-03-14 09:06:50]  Via:1.1 varnish
36707 DEBUG [2013-03-14 09:06:50]  {"error":"User requests out of rate limit!","error_code":10023,"request":"/2/statuses/user_timeline.json"}

0    DEBUG [2013-03-14 09:07:55]  Request:
1    DEBUG [2013-03-14 09:07:55]  GET:https://api.weibo.com/2/statuses/user_timeline.json
41   DEBUG [2013-03-14 09:07:55]  Authorization: OAuth2 2.00itKq1ClJMBkDc9b8527a28Tma5LE
41   DEBUG [2013-03-14 09:07:55]  API-RemoteIP: 192.168.1.101
616  DEBUG [2013-03-14 09:07:56]  Response:
616  DEBUG [2013-03-14 09:07:56]  https StatusCode:403
616  DEBUG [2013-03-14 09:07:56]  Server:nginx/1.2.0
616  DEBUG [2013-03-14 09:07:56]  Date:Thu, 14 Mar 2013 01:08:32 GMT
617  DEBUG [2013-03-14 09:07:56]  Content-Type:application/json;charset=UTF-8
617  DEBUG [2013-03-14 09:07:56]  Content-Length:106
617  DEBUG [2013-03-14 09:07:56]  Connection:keep-alive
617  DEBUG [2013-03-14 09:07:56]  Api-Server-IP:10.75.5.62
617  DEBUG [2013-03-14 09:07:56]  Vary:Accept-Encoding
618  DEBUG [2013-03-14 09:07:56]  X-Varnish:1811794969
618  DEBUG [2013-03-14 09:07:56]  Age:0
618  DEBUG [2013-03-14 09:07:56]  Via:1.1 varnish
627  DEBUG [2013-03-14 09:07:56]  {"error":"User requests out of rate limit!","error_code":10023,"request":"/2/statuses/user_timeline.json"}

638  DEBUG [2013-03-14 09:07:56]  Request:
638  DEBUG [2013-03-14 09:07:56]  GET:https://api.weibo.com/2/statuses/user_timeline.json
639  DEBUG [2013-03-14 09:07:56]  Authorization: OAuth2 2.00itKq1ClJMBkDc9b8527a28Tma5LE
639  DEBUG [2013-03-14 09:07:56]  API-RemoteIP: 192.168.1.101
704  DEBUG [2013-03-14 09:07:56]  Response:
704  DEBUG [2013-03-14 09:07:56]  https StatusCode:403
704  DEBUG [2013-03-14 09:07:56]  Server:nginx/1.2.0
704  DEBUG [2013-03-14 09:07:56]  Date:Thu, 14 Mar 2013 01:08:32 GMT
705  DEBUG [2013-03-14 09:07:56]  Content-Type:application/json;charset=UTF-8
705  DEBUG [2013-03-14 09:07:56]  Content-Length:106
705  DEBUG [2013-03-14 09:07:56]  Connection:keep-alive
705  DEBUG [2013-03-14 09:07:56]  Api-Server-IP:10.75.5.59
705  DEBUG [2013-03-14 09:07:56]  Vary:Accept-Encoding
706  DEBUG [2013-03-14 09:07:56]  X-Varnish:233223413
706  DEBUG [2013-03-14 09:07:56]  Age:0
706  DEBUG [2013-03-14 09:07:56]  Via:1.1 varnish
706  DEBUG [2013-03-14 09:07:56]  {"error":"User requests out of rate limit!","error_code":10023,"request":"/2/statuses/user_timeline.json"}

710  DEBUG [2013-03-14 09:07:56]  Request:
711  DEBUG [2013-03-14 09:07:56]  GET:https://api.weibo.com/2/statuses/user_timeline.json
711  DEBUG [2013-03-14 09:07:56]  Authorization: OAuth2 2.00itKq1ClJMBkDc9b8527a28Tma5LE
712  DEBUG [2013-03-14 09:07:56]  API-RemoteIP: 192.168.1.101
771  DEBUG [2013-03-14 09:07:56]  Response:
771  DEBUG [2013-03-14 09:07:56]  https StatusCode:403
771  DEBUG [2013-03-14 09:07:56]  Server:nginx/1.2.0
771  DEBUG [2013-03-14 09:07:56]  Date:Thu, 14 Mar 2013 01:08:32 GMT
771  DEBUG [2013-03-14 09:07:56]  Content-Type:application/json;charset=UTF-8
771  DEBUG [2013-03-14 09:07:56]  Content-Length:106
771  DEBUG [2013-03-14 09:07:56]  Connection:keep-alive
771  DEBUG [2013-03-14 09:07:56]  Api-Server-IP:10.75.5.66
771  DEBUG [2013-03-14 09:07:56]  Vary:Accept-Encoding
772  DEBUG [2013-03-14 09:07:56]  X-Varnish:233223731
772  DEBUG [2013-03-14 09:07:56]  Age:0
772  DEBUG [2013-03-14 09:07:56]  Via:1.1 varnish
772  DEBUG [2013-03-14 09:07:56]  {"error":"User requests out of rate limit!","error_code":10023,"request":"/2/statuses/user_timeline.json"}

773  DEBUG [2013-03-14 09:07:56]  Request:
774  DEBUG [2013-03-14 09:07:56]  GET:https://api.weibo.com/2/statuses/user_timeline.json
774  DEBUG [2013-03-14 09:07:56]  Authorization: OAuth2 2.00itKq1ClJMBkDc9b8527a28Tma5LE
774  DEBUG [2013-03-14 09:07:56]  API-RemoteIP: 192.168.1.101
3832 DEBUG [2013-03-14 09:07:59]  Response:
3832 DEBUG [2013-03-14 09:07:59]  https StatusCode:403
3832 DEBUG [2013-03-14 09:07:59]  Server:nginx/1.2.0
3832 DEBUG [2013-03-14 09:07:59]  Date:Thu, 14 Mar 2013 01:08:35 GMT
3833 DEBUG [2013-03-14 09:07:59]  Content-Type:application/json;charset=UTF-8
3833 DEBUG [2013-03-14 09:07:59]  Content-Length:106
3833 DEBUG [2013-03-14 09:07:59]  Connection:keep-alive
3833 DEBUG [2013-03-14 09:07:59]  Api-Server-IP:10.75.5.68
3833 DEBUG [2013-03-14 09:07:59]  Vary:Accept-Encoding
3833 DEBUG [2013-03-14 09:07:59]  X-Varnish:1811795945
3834 DEBUG [2013-03-14 09:07:59]  Age:0
3834 DEBUG [2013-03-14 09:07:59]  Via:1.1 varnish
3834 DEBUG [2013-03-14 09:07:59]  {"error":"User requests out of rate limit!","error_code":10023,"request":"/2/statuses/user_timeline.json"}

3837 DEBUG [2013-03-14 09:07:59]  Request:
3838 DEBUG [2013-03-14 09:07:59]  GET:https://api.weibo.com/2/statuses/user_timeline.json
3839 DEBUG [2013-03-14 09:07:59]  Authorization: OAuth2 2.00itKq1ClJMBkDc9b8527a28Tma5LE
3839 DEBUG [2013-03-14 09:07:59]  API-RemoteIP: 192.168.1.101
3899 DEBUG [2013-03-14 09:07:59]  Response:
3899 DEBUG [2013-03-14 09:07:59]  https StatusCode:403
3899 DEBUG [2013-03-14 09:07:59]  Server:nginx/1.2.0
3899 DEBUG [2013-03-14 09:07:59]  Date:Thu, 14 Mar 2013 01:08:36 GMT
3899 DEBUG [2013-03-14 09:07:59]  Content-Type:application/json;charset=UTF-8
3900 DEBUG [2013-03-14 09:07:59]  Content-Length:106
3900 DEBUG [2013-03-14 09:07:59]  Connection:keep-alive
3900 DEBUG [2013-03-14 09:07:59]  Api-Server-IP:10.75.5.90
3900 DEBUG [2013-03-14 09:07:59]  Vary:Accept-Encoding
3900 DEBUG [2013-03-14 09:07:59]  X-Varnish:880093279
3900 DEBUG [2013-03-14 09:07:59]  Age:0
3901 DEBUG [2013-03-14 09:07:59]  Via:1.1 varnish
3901 DEBUG [2013-03-14 09:07:59]  {"error":"User requests out of rate limit!","error_code":10023,"request":"/2/statuses/user_timeline.json"}

3904 DEBUG [2013-03-14 09:07:59]  Request:
3904 DEBUG [2013-03-14 09:07:59]  GET:https://api.weibo.com/2/statuses/user_timeline.json
3905 DEBUG [2013-03-14 09:07:59]  Authorization: OAuth2 2.00itKq1ClJMBkDc9b8527a28Tma5LE
3905 DEBUG [2013-03-14 09:07:59]  API-RemoteIP: 192.168.1.101
3964 DEBUG [2013-03-14 09:07:59]  Response:
3965 DEBUG [2013-03-14 09:07:59]  https StatusCode:403
3965 DEBUG [2013-03-14 09:07:59]  Server:nginx/1.2.0
3965 DEBUG [2013-03-14 09:07:59]  Date:Thu, 14 Mar 2013 01:08:36 GMT
3965 DEBUG [2013-03-14 09:07:59]  Content-Type:application/json;charset=UTF-8
3965 DEBUG [2013-03-14 09:07:59]  Content-Length:106
3966 DEBUG [2013-03-14 09:07:59]  Connection:keep-alive
3966 DEBUG [2013-03-14 09:07:59]  Api-Server-IP:10.75.5.91
3966 DEBUG [2013-03-14 09:07:59]  Vary:Accept-Encoding
3966 DEBUG [2013-03-14 09:07:59]  X-Varnish:880093581
3966 DEBUG [2013-03-14 09:07:59]  Age:0
3966 DEBUG [2013-03-14 09:07:59]  Via:1.1 varnish
3967 DEBUG [2013-03-14 09:07:59]  {"error":"User requests out of rate limit!","error_code":10023,"request":"/2/statuses/user_timeline.json"}

3969 DEBUG [2013-03-14 09:07:59]  Request:
3969 DEBUG [2013-03-14 09:07:59]  GET:https://api.weibo.com/2/statuses/user_timeline.json
3970 DEBUG [2013-03-14 09:07:59]  Authorization: OAuth2 2.00itKq1ClJMBkDc9b8527a28Tma5LE
3970 DEBUG [2013-03-14 09:07:59]  API-RemoteIP: 192.168.1.101
4032 DEBUG [2013-03-14 09:07:59]  Response:
4032 DEBUG [2013-03-14 09:07:59]  https StatusCode:403
4032 DEBUG [2013-03-14 09:07:59]  Server:nginx/1.2.0
4032 DEBUG [2013-03-14 09:07:59]  Date:Thu, 14 Mar 2013 01:08:36 GMT
4032 DEBUG [2013-03-14 09:07:59]  Content-Type:application/json;charset=UTF-8
4032 DEBUG [2013-03-14 09:07:59]  Content-Length:106
4041 DEBUG [2013-03-14 09:07:59]  Connection:keep-alive
4042 DEBUG [2013-03-14 09:07:59]  Api-Server-IP:10.75.0.174
4042 DEBUG [2013-03-14 09:07:59]  Vary:Accept-Encoding
4042 DEBUG [2013-03-14 09:07:59]  X-Varnish:880093902
4042 DEBUG [2013-03-14 09:07:59]  Age:0
4042 DEBUG [2013-03-14 09:07:59]  Via:1.1 varnish
4043 DEBUG [2013-03-14 09:07:59]  {"error":"User requests out of rate limit!","error_code":10023,"request":"/2/statuses/user_timeline.json"}

4046 DEBUG [2013-03-14 09:07:59]  Request:
4046 DEBUG [2013-03-14 09:07:59]  GET:https://api.weibo.com/2/statuses/user_timeline.json
4047 DEBUG [2013-03-14 09:07:59]  Authorization: OAuth2 2.00itKq1ClJMBkDc9b8527a28Tma5LE
4047 DEBUG [2013-03-14 09:07:59]  API-RemoteIP: 192.168.1.101
4104 DEBUG [2013-03-14 09:07:59]  Response:
4104 DEBUG [2013-03-14 09:07:59]  https StatusCode:403
4104 DEBUG [2013-03-14 09:07:59]  Server:nginx/1.2.0
4104 DEBUG [2013-03-14 09:07:59]  Date:Thu, 14 Mar 2013 01:08:36 GMT
4104 DEBUG [2013-03-14 09:07:59]  Content-Type:application/json;charset=UTF-8
4104 DEBUG [2013-03-14 09:07:59]  Content-Length:106
4104 DEBUG [2013-03-14 09:07:59]  Connection:keep-alive
4104 DEBUG [2013-03-14 09:07:59]  Api-Server-IP:10.75.5.97
4104 DEBUG [2013-03-14 09:07:59]  Vary:Accept-Encoding
4104 DEBUG [2013-03-14 09:07:59]  X-Varnish:880094300
4104 DEBUG [2013-03-14 09:07:59]  Age:0
4105 DEBUG [2013-03-14 09:07:59]  Via:1.1 varnish
4105 DEBUG [2013-03-14 09:07:59]  {"error":"User requests out of rate limit!","error_code":10023,"request":"/2/statuses/user_timeline.json"}

4106 DEBUG [2013-03-14 09:07:59]  Request:
4106 DEBUG [2013-03-14 09:07:59]  GET:https://api.weibo.com/2/statuses/user_timeline.json
4107 DEBUG [2013-03-14 09:07:59]  Authorization: OAuth2 2.00itKq1ClJMBkDc9b8527a28Tma5LE
4107 DEBUG [2013-03-14 09:07:59]  API-RemoteIP: 192.168.1.101
4165 DEBUG [2013-03-14 09:08:00]  Response:
4165 DEBUG [2013-03-14 09:08:00]  https StatusCode:403
4165 DEBUG [2013-03-14 09:08:00]  Server:nginx/1.2.0
4166 DEBUG [2013-03-14 09:08:00]  Date:Thu, 14 Mar 2013 01:08:36 GMT
4166 DEBUG [2013-03-14 09:08:00]  Content-Type:application/json;charset=UTF-8
4166 DEBUG [2013-03-14 09:08:00]  Content-Length:106
4166 DEBUG [2013-03-14 09:08:00]  Connection:keep-alive
4166 DEBUG [2013-03-14 09:08:00]  Api-Server-IP:10.75.24.206
4166 DEBUG [2013-03-14 09:08:00]  Vary:Accept-Encoding
4167 DEBUG [2013-03-14 09:08:00]  X-Varnish:233239104
4167 DEBUG [2013-03-14 09:08:00]  Age:0
4167 DEBUG [2013-03-14 09:08:00]  Via:1.1 varnish
4167 DEBUG [2013-03-14 09:08:00]  {"error":"User requests out of rate limit!","error_code":10023,"request":"/2/statuses/user_timeline.json"}

4171 DEBUG [2013-03-14 09:08:00]  Request:
4171 DEBUG [2013-03-14 09:08:00]  GET:https://api.weibo.com/2/statuses/user_timeline.json
4172 DEBUG [2013-03-14 09:08:00]  Authorization: OAuth2 2.00itKq1ClJMBkDc9b8527a28Tma5LE
4173 DEBUG [2013-03-14 09:08:00]  API-RemoteIP: 192.168.1.101
4232 DEBUG [2013-03-14 09:08:00]  Response:
4232 DEBUG [2013-03-14 09:08:00]  https StatusCode:403
4233 DEBUG [2013-03-14 09:08:00]  Server:nginx/1.2.0
4233 DEBUG [2013-03-14 09:08:00]  Date:Thu, 14 Mar 2013 01:08:36 GMT
4233 DEBUG [2013-03-14 09:08:00]  Content-Type:application/json;charset=UTF-8
4233 DEBUG [2013-03-14 09:08:00]  Content-Length:106
4233 DEBUG [2013-03-14 09:08:00]  Connection:keep-alive
4233 DEBUG [2013-03-14 09:08:00]  Api-Server-IP:10.75.5.55
4233 DEBUG [2013-03-14 09:08:00]  Vary:Accept-Encoding
4233 DEBUG [2013-03-14 09:08:00]  X-Varnish:1811811482
4233 DEBUG [2013-03-14 09:08:00]  Age:0
4233 DEBUG [2013-03-14 09:08:00]  Via:1.1 varnish
4234 DEBUG [2013-03-14 09:08:00]  {"error":"User requests out of rate limit!","error_code":10023,"request":"/2/statuses/user_timeline.json"}

4236 DEBUG [2013-03-14 09:08:00]  Request:
4236 DEBUG [2013-03-14 09:08:00]  GET:https://api.weibo.com/2/statuses/user_timeline.json
4237 DEBUG [2013-03-14 09:08:00]  Authorization: OAuth2 2.00itKq1ClJMBkDc9b8527a28Tma5LE
4237 DEBUG [2013-03-14 09:08:00]  API-RemoteIP: 192.168.1.101
4294 DEBUG [2013-03-14 09:08:00]  Response:
4295 DEBUG [2013-03-14 09:08:00]  https StatusCode:403
4295 DEBUG [2013-03-14 09:08:00]  Server:nginx/1.2.0
4295 DEBUG [2013-03-14 09:08:00]  Date:Thu, 14 Mar 2013 01:08:36 GMT
4295 DEBUG [2013-03-14 09:08:00]  Content-Type:application/json;charset=UTF-8
4295 DEBUG [2013-03-14 09:08:00]  Content-Length:106
4295 DEBUG [2013-03-14 09:08:00]  Connection:keep-alive
4296 DEBUG [2013-03-14 09:08:00]  Api-Server-IP:10.75.5.95
4296 DEBUG [2013-03-14 09:08:00]  Vary:Accept-Encoding
4296 DEBUG [2013-03-14 09:08:00]  X-Varnish:880095197
4296 DEBUG [2013-03-14 09:08:00]  Age:0
4296 DEBUG [2013-03-14 09:08:00]  Via:1.1 varnish
4297 DEBUG [2013-03-14 09:08:00]  {"error":"User requests out of rate limit!","error_code":10023,"request":"/2/statuses/user_timeline.json"}

4301 DEBUG [2013-03-14 09:08:00]  Request:
4301 DEBUG [2013-03-14 09:08:00]  GET:https://api.weibo.com/2/statuses/user_timeline.json
4302 DEBUG [2013-03-14 09:08:00]  Authorization: OAuth2 2.00itKq1ClJMBkDc9b8527a28Tma5LE
4303 DEBUG [2013-03-14 09:08:00]  API-RemoteIP: 192.168.1.101
4365 DEBUG [2013-03-14 09:08:00]  Response:
4365 DEBUG [2013-03-14 09:08:00]  https StatusCode:403
4366 DEBUG [2013-03-14 09:08:00]  Server:nginx/1.2.0
4366 DEBUG [2013-03-14 09:08:00]  Date:Thu, 14 Mar 2013 01:08:36 GMT
4366 DEBUG [2013-03-14 09:08:00]  Content-Type:application/json;charset=UTF-8
4366 DEBUG [2013-03-14 09:08:00]  Content-Length:106
4366 DEBUG [2013-03-14 09:08:00]  Connection:keep-alive
4366 DEBUG [2013-03-14 09:08:00]  Api-Server-IP:10.75.0.171
4366 DEBUG [2013-03-14 09:08:00]  Vary:Accept-Encoding
4367 DEBUG [2013-03-14 09:08:00]  X-Varnish:1811812084
4367 DEBUG [2013-03-14 09:08:00]  Age:0
4367 DEBUG [2013-03-14 09:08:00]  Via:1.1 varnish
4367 DEBUG [2013-03-14 09:08:00]  {"error":"User requests out of rate limit!","error_code":10023,"request":"/2/statuses/user_timeline.json"}

4370 DEBUG [2013-03-14 09:08:00]  Request:
4370 DEBUG [2013-03-14 09:08:00]  GET:https://api.weibo.com/2/statuses/user_timeline.json
4371 DEBUG [2013-03-14 09:08:00]  Authorization: OAuth2 2.00itKq1ClJMBkDc9b8527a28Tma5LE
4371 DEBUG [2013-03-14 09:08:00]  API-RemoteIP: 192.168.1.101
4429 DEBUG [2013-03-14 09:08:00]  Response:
4429 DEBUG [2013-03-14 09:08:00]  https StatusCode:403
4429 DEBUG [2013-03-14 09:08:00]  Server:nginx/1.2.0
4429 DEBUG [2013-03-14 09:08:00]  Date:Thu, 14 Mar 2013 01:08:36 GMT
4429 DEBUG [2013-03-14 09:08:00]  Content-Type:application/json;charset=UTF-8
4430 DEBUG [2013-03-14 09:08:00]  Content-Length:106
4430 DEBUG [2013-03-14 09:08:00]  Connection:keep-alive
4430 DEBUG [2013-03-14 09:08:00]  Api-Server-IP:10.75.5.58
4430 DEBUG [2013-03-14 09:08:00]  Vary:Accept-Encoding
4430 DEBUG [2013-03-14 09:08:00]  X-Varnish:493963922
4430 DEBUG [2013-03-14 09:08:00]  Age:0
4430 DEBUG [2013-03-14 09:08:00]  Via:1.1 varnish
4430 DEBUG [2013-03-14 09:08:00]  {"error":"User requests out of rate limit!","error_code":10023,"request":"/2/statuses/user_timeline.json"}

4432 DEBUG [2013-03-14 09:08:00]  Request:
4433 DEBUG [2013-03-14 09:08:00]  GET:https://api.weibo.com/2/statuses/user_timeline.json
4433 DEBUG [2013-03-14 09:08:00]  Authorization: OAuth2 2.00itKq1ClJMBkDc9b8527a28Tma5LE
4433 DEBUG [2013-03-14 09:08:00]  API-RemoteIP: 192.168.1.101
4492 DEBUG [2013-03-14 09:08:00]  Response:
4493 DEBUG [2013-03-14 09:08:00]  https StatusCode:403
4493 DEBUG [2013-03-14 09:08:00]  Server:nginx/1.2.0
4493 DEBUG [2013-03-14 09:08:00]  Date:Thu, 14 Mar 2013 01:08:36 GMT
4493 DEBUG [2013-03-14 09:08:00]  Content-Type:application/json;charset=UTF-8
4493 DEBUG [2013-03-14 09:08:00]  Content-Length:106
4493 DEBUG [2013-03-14 09:08:00]  Connection:keep-alive
4493 DEBUG [2013-03-14 09:08:00]  Api-Server-IP:10.75.5.57
4494 DEBUG [2013-03-14 09:08:00]  Vary:Accept-Encoding
4494 DEBUG [2013-03-14 09:08:00]  X-Varnish:233240658
4494 DEBUG [2013-03-14 09:08:00]  Age:0
4494 DEBUG [2013-03-14 09:08:00]  Via:1.1 varnish
4495 DEBUG [2013-03-14 09:08:00]  {"error":"User requests out of rate limit!","error_code":10023,"request":"/2/statuses/user_timeline.json"}

4497 DEBUG [2013-03-14 09:08:00]  Request:
4498 DEBUG [2013-03-14 09:08:00]  GET:https://api.weibo.com/2/statuses/user_timeline.json
4499 DEBUG [2013-03-14 09:08:00]  Authorization: OAuth2 2.00itKq1ClJMBkDc9b8527a28Tma5LE
4499 DEBUG [2013-03-14 09:08:00]  API-RemoteIP: 192.168.1.101
4559 DEBUG [2013-03-14 09:08:00]  Response:
4560 DEBUG [2013-03-14 09:08:00]  https StatusCode:403
4560 DEBUG [2013-03-14 09:08:00]  Server:nginx/1.2.0
4560 DEBUG [2013-03-14 09:08:00]  Date:Thu, 14 Mar 2013 01:08:36 GMT
4560 DEBUG [2013-03-14 09:08:00]  Content-Type:application/json;charset=UTF-8
4560 DEBUG [2013-03-14 09:08:00]  Content-Length:106
4560 DEBUG [2013-03-14 09:08:00]  Connection:keep-alive
4560 DEBUG [2013-03-14 09:08:00]  Api-Server-IP:10.75.5.67
4560 DEBUG [2013-03-14 09:08:00]  Vary:Accept-Encoding
4560 DEBUG [2013-03-14 09:08:00]  X-Varnish:233240945
4560 DEBUG [2013-03-14 09:08:00]  Age:0
4560 DEBUG [2013-03-14 09:08:00]  Via:1.1 varnish
4561 DEBUG [2013-03-14 09:08:00]  {"error":"User requests out of rate limit!","error_code":10023,"request":"/2/statuses/user_timeline.json"}

4562 DEBUG [2013-03-14 09:08:00]  Request:
4562 DEBUG [2013-03-14 09:08:00]  GET:https://api.weibo.com/2/statuses/user_timeline.json
4562 DEBUG [2013-03-14 09:08:00]  Authorization: OAuth2 2.00itKq1ClJMBkDc9b8527a28Tma5LE
4563 DEBUG [2013-03-14 09:08:00]  API-RemoteIP: 192.168.1.101
4622 DEBUG [2013-03-14 09:08:00]  Response:
4622 DEBUG [2013-03-14 09:08:00]  https StatusCode:403
4622 DEBUG [2013-03-14 09:08:00]  Server:nginx/1.2.0
4622 DEBUG [2013-03-14 09:08:00]  Date:Thu, 14 Mar 2013 01:08:36 GMT
4622 DEBUG [2013-03-14 09:08:00]  Content-Type:application/json;charset=UTF-8
4622 DEBUG [2013-03-14 09:08:00]  Content-Length:106
4623 DEBUG [2013-03-14 09:08:00]  Connection:keep-alive
4623 DEBUG [2013-03-14 09:08:00]  Api-Server-IP:10.75.0.171
4623 DEBUG [2013-03-14 09:08:00]  Vary:Accept-Encoding
4623 DEBUG [2013-03-14 09:08:00]  X-Varnish:1811813322
4623 DEBUG [2013-03-14 09:08:00]  Age:0
4623 DEBUG [2013-03-14 09:08:00]  Via:1.1 varnish
4624 DEBUG [2013-03-14 09:08:00]  {"error":"User requests out of rate limit!","error_code":10023,"request":"/2/statuses/user_timeline.json"}

4627 DEBUG [2013-03-14 09:08:00]  Request:
4627 DEBUG [2013-03-14 09:08:00]  GET:https://api.weibo.com/2/statuses/user_timeline.json
4628 DEBUG [2013-03-14 09:08:00]  Authorization: OAuth2 2.00itKq1ClJMBkDc9b8527a28Tma5LE
4628 DEBUG [2013-03-14 09:08:00]  API-RemoteIP: 192.168.1.101
4687 DEBUG [2013-03-14 09:08:00]  Response:
4688 DEBUG [2013-03-14 09:08:00]  https StatusCode:403
4688 DEBUG [2013-03-14 09:08:00]  Server:nginx/1.2.0
4688 DEBUG [2013-03-14 09:08:00]  Date:Thu, 14 Mar 2013 01:08:36 GMT
4688 DEBUG [2013-03-14 09:08:00]  Content-Type:application/json;charset=UTF-8
4688 DEBUG [2013-03-14 09:08:00]  Content-Length:106
4688 DEBUG [2013-03-14 09:08:00]  Connection:keep-alive
4688 DEBUG [2013-03-14 09:08:00]  Api-Server-IP:10.75.5.97
4688 DEBUG [2013-03-14 09:08:00]  Vary:Accept-Encoding
4688 DEBUG [2013-03-14 09:08:00]  X-Varnish:233241521
4688 DEBUG [2013-03-14 09:08:00]  Age:0
4689 DEBUG [2013-03-14 09:08:00]  Via:1.1 varnish
4689 DEBUG [2013-03-14 09:08:00]  {"error":"User requests out of rate limit!","error_code":10023,"request":"/2/statuses/user_timeline.json"}

4690 DEBUG [2013-03-14 09:08:00]  Request:
4691 DEBUG [2013-03-14 09:08:00]  GET:https://api.weibo.com/2/statuses/user_timeline.json
4691 DEBUG [2013-03-14 09:08:00]  Authorization: OAuth2 2.00itKq1ClJMBkDc9b8527a28Tma5LE
4691 DEBUG [2013-03-14 09:08:00]  API-RemoteIP: 192.168.1.101
4754 DEBUG [2013-03-14 09:08:00]  Response:
4754 DEBUG [2013-03-14 09:08:00]  https StatusCode:403
4754 DEBUG [2013-03-14 09:08:00]  Server:nginx/1.2.0
4754 DEBUG [2013-03-14 09:08:00]  Date:Thu, 14 Mar 2013 01:08:36 GMT
4754 DEBUG [2013-03-14 09:08:00]  Content-Type:application/json;charset=UTF-8
4754 DEBUG [2013-03-14 09:08:00]  Content-Length:106
4754 DEBUG [2013-03-14 09:08:00]  Connection:keep-alive
4754 DEBUG [2013-03-14 09:08:00]  Api-Server-IP:10.75.5.68
4754 DEBUG [2013-03-14 09:08:00]  Vary:Accept-Encoding
4755 DEBUG [2013-03-14 09:08:00]  X-Varnish:233241830
4755 DEBUG [2013-03-14 09:08:00]  Age:0
4755 DEBUG [2013-03-14 09:08:00]  Via:1.1 varnish
4755 DEBUG [2013-03-14 09:08:00]  {"error":"User requests out of rate limit!","error_code":10023,"request":"/2/statuses/user_timeline.json"}

4756 DEBUG [2013-03-14 09:08:00]  Request:
4756 DEBUG [2013-03-14 09:08:00]  GET:https://api.weibo.com/2/statuses/user_timeline.json
4757 DEBUG [2013-03-14 09:08:00]  Authorization: OAuth2 2.00itKq1ClJMBkDc9b8527a28Tma5LE
4757 DEBUG [2013-03-14 09:08:00]  API-RemoteIP: 192.168.1.101
4815 DEBUG [2013-03-14 09:08:00]  Response:
4816 DEBUG [2013-03-14 09:08:00]  https StatusCode:403
4816 DEBUG [2013-03-14 09:08:00]  Server:nginx/1.2.0
4816 DEBUG [2013-03-14 09:08:00]  Date:Thu, 14 Mar 2013 01:08:36 GMT
4816 DEBUG [2013-03-14 09:08:00]  Content-Type:application/json;charset=UTF-8
4816 DEBUG [2013-03-14 09:08:00]  Content-Length:106
4816 DEBUG [2013-03-14 09:08:00]  Connection:keep-alive
4817 DEBUG [2013-03-14 09:08:00]  Api-Server-IP:10.75.5.94
4817 DEBUG [2013-03-14 09:08:00]  Vary:Accept-Encoding
4817 DEBUG [2013-03-14 09:08:00]  X-Varnish:1811814221
4817 DEBUG [2013-03-14 09:08:00]  Age:0
4817 DEBUG [2013-03-14 09:08:00]  Via:1.1 varnish
4818 DEBUG [2013-03-14 09:08:00]  {"error":"User requests out of rate limit!","error_code":10023,"request":"/2/statuses/user_timeline.json"}

4820 DEBUG [2013-03-14 09:08:00]  Request:
4821 DEBUG [2013-03-14 09:08:00]  GET:https://api.weibo.com/2/statuses/user_timeline.json
4822 DEBUG [2013-03-14 09:08:00]  Authorization: OAuth2 2.00itKq1ClJMBkDc9b8527a28Tma5LE
4822 DEBUG [2013-03-14 09:08:00]  API-RemoteIP: 192.168.1.101
4880 DEBUG [2013-03-14 09:08:00]  Response:
4881 DEBUG [2013-03-14 09:08:00]  https StatusCode:403
4881 DEBUG [2013-03-14 09:08:00]  Server:nginx/1.2.0
4881 DEBUG [2013-03-14 09:08:00]  Date:Thu, 14 Mar 2013 01:08:36 GMT
4881 DEBUG [2013-03-14 09:08:00]  Content-Type:application/json;charset=UTF-8
4881 DEBUG [2013-03-14 09:08:00]  Content-Length:106
4881 DEBUG [2013-03-14 09:08:00]  Connection:keep-alive
4881 DEBUG [2013-03-14 09:08:00]  Api-Server-IP:10.75.5.63
4881 DEBUG [2013-03-14 09:08:00]  Vary:Accept-Encoding
4881 DEBUG [2013-03-14 09:08:00]  X-Varnish:880097972
4881 DEBUG [2013-03-14 09:08:00]  Age:0
4881 DEBUG [2013-03-14 09:08:00]  Via:1.1 varnish
4881 DEBUG [2013-03-14 09:08:00]  {"error":"User requests out of rate limit!","error_code":10023,"request":"/2/statuses/user_timeline.json"}

4883 DEBUG [2013-03-14 09:08:00]  Request:
4883 DEBUG [2013-03-14 09:08:00]  GET:https://api.weibo.com/2/statuses/user_timeline.json
4884 DEBUG [2013-03-14 09:08:00]  Authorization: OAuth2 2.00itKq1ClJMBkDc9b8527a28Tma5LE
4884 DEBUG [2013-03-14 09:08:00]  API-RemoteIP: 192.168.1.101
4942 DEBUG [2013-03-14 09:08:00]  Response:
4943 DEBUG [2013-03-14 09:08:00]  https StatusCode:403
4943 DEBUG [2013-03-14 09:08:00]  Server:nginx/1.2.0
4943 DEBUG [2013-03-14 09:08:00]  Date:Thu, 14 Mar 2013 01:08:37 GMT
4943 DEBUG [2013-03-14 09:08:00]  Content-Type:application/json;charset=UTF-8
4943 DEBUG [2013-03-14 09:08:00]  Content-Length:106
4943 DEBUG [2013-03-14 09:08:00]  Connection:keep-alive
4943 DEBUG [2013-03-14 09:08:00]  Api-Server-IP:10.75.5.57
4944 DEBUG [2013-03-14 09:08:00]  Vary:Accept-Encoding
4944 DEBUG [2013-03-14 09:08:00]  X-Varnish:493966276
4944 DEBUG [2013-03-14 09:08:00]  Age:0
4944 DEBUG [2013-03-14 09:08:00]  Via:1.1 varnish
4945 DEBUG [2013-03-14 09:08:00]  {"error":"User requests out of rate limit!","error_code":10023,"request":"/2/statuses/user_timeline.json"}

4954 DEBUG [2013-03-14 09:08:00]  Request:
4954 DEBUG [2013-03-14 09:08:00]  GET:https://api.weibo.com/2/statuses/user_timeline.json
4955 DEBUG [2013-03-14 09:08:00]  Authorization: OAuth2 2.00itKq1ClJMBkDc9b8527a28Tma5LE
4955 DEBUG [2013-03-14 09:08:00]  API-RemoteIP: 192.168.1.101
5014 DEBUG [2013-03-14 09:08:00]  Response:
5014 DEBUG [2013-03-14 09:08:00]  https StatusCode:403
5014 DEBUG [2013-03-14 09:08:00]  Server:nginx/1.2.0
5014 DEBUG [2013-03-14 09:08:00]  Date:Thu, 14 Mar 2013 01:08:37 GMT
5014 DEBUG [2013-03-14 09:08:00]  Content-Type:application/json;charset=UTF-8
5014 DEBUG [2013-03-14 09:08:00]  Content-Length:106
5015 DEBUG [2013-03-14 09:08:00]  Connection:keep-alive
5015 DEBUG [2013-03-14 09:08:00]  Api-Server-IP:10.75.5.68
5015 DEBUG [2013-03-14 09:08:00]  Vary:Accept-Encoding
5015 DEBUG [2013-03-14 09:08:00]  X-Varnish:233243037
5015 DEBUG [2013-03-14 09:08:00]  Age:0
5015 DEBUG [2013-03-14 09:08:00]  Via:1.1 varnish
5015 DEBUG [2013-03-14 09:08:00]  {"error":"User requests out of rate limit!","error_code":10023,"request":"/2/statuses/user_timeline.json"}

5017 DEBUG [2013-03-14 09:08:00]  Request:
5017 DEBUG [2013-03-14 09:08:00]  GET:https://api.weibo.com/2/statuses/user_timeline.json
5017 DEBUG [2013-03-14 09:08:00]  Authorization: OAuth2 2.00itKq1ClJMBkDc9b8527a28Tma5LE
5017 DEBUG [2013-03-14 09:08:00]  API-RemoteIP: 192.168.1.101
5076 DEBUG [2013-03-14 09:08:00]  Response:
5076 DEBUG [2013-03-14 09:08:00]  https StatusCode:403
5076 DEBUG [2013-03-14 09:08:00]  Server:nginx/1.2.0
5076 DEBUG [2013-03-14 09:08:00]  Date:Thu, 14 Mar 2013 01:08:37 GMT
5077 DEBUG [2013-03-14 09:08:00]  Content-Type:application/json;charset=UTF-8
5077 DEBUG [2013-03-14 09:08:00]  Content-Length:106
5077 DEBUG [2013-03-14 09:08:00]  Connection:keep-alive
5077 DEBUG [2013-03-14 09:08:00]  Api-Server-IP:10.75.0.174
5077 DEBUG [2013-03-14 09:08:00]  Vary:Accept-Encoding
5077 DEBUG [2013-03-14 09:08:00]  X-Varnish:493966900
5078 DEBUG [2013-03-14 09:08:00]  Age:0
5078 DEBUG [2013-03-14 09:08:00]  Via:1.1 varnish
5078 DEBUG [2013-03-14 09:08:00]  {"error":"User requests out of rate limit!","error_code":10023,"request":"/2/statuses/user_timeline.json"}

5081 DEBUG [2013-03-14 09:08:00]  Request:
5081 DEBUG [2013-03-14 09:08:00]  GET:https://api.weibo.com/2/statuses/user_timeline.json
5083 DEBUG [2013-03-14 09:08:00]  Authorization: OAuth2 2.00itKq1ClJMBkDc9b8527a28Tma5LE
5083 DEBUG [2013-03-14 09:08:00]  API-RemoteIP: 192.168.1.101
5144 DEBUG [2013-03-14 09:08:01]  Response:
5144 DEBUG [2013-03-14 09:08:01]  https StatusCode:403
5144 DEBUG [2013-03-14 09:08:01]  Server:nginx/1.2.0
5144 DEBUG [2013-03-14 09:08:01]  Date:Thu, 14 Mar 2013 01:08:37 GMT
5144 DEBUG [2013-03-14 09:08:01]  Content-Type:application/json;charset=UTF-8
5145 DEBUG [2013-03-14 09:08:01]  Content-Length:106
5145 DEBUG [2013-03-14 09:08:01]  Connection:keep-alive
5145 DEBUG [2013-03-14 09:08:01]  Api-Server-IP:10.75.5.56
5145 DEBUG [2013-03-14 09:08:01]  Vary:Accept-Encoding
5145 DEBUG [2013-03-14 09:08:01]  X-Varnish:233243581
5145 DEBUG [2013-03-14 09:08:01]  Age:0
5145 DEBUG [2013-03-14 09:08:01]  Via:1.1 varnish
5145 DEBUG [2013-03-14 09:08:01]  {"error":"User requests out of rate limit!","error_code":10023,"request":"/2/statuses/user_timeline.json"}

5147 DEBUG [2013-03-14 09:08:01]  Request:
5147 DEBUG [2013-03-14 09:08:01]  GET:https://api.weibo.com/2/statuses/user_timeline.json
5148 DEBUG [2013-03-14 09:08:01]  Authorization: OAuth2 2.00itKq1ClJMBkDc9b8527a28Tma5LE
5148 DEBUG [2013-03-14 09:08:01]  API-RemoteIP: 192.168.1.101
5211 DEBUG [2013-03-14 09:08:01]  Response:
5211 DEBUG [2013-03-14 09:08:01]  https StatusCode:403
5211 DEBUG [2013-03-14 09:08:01]  Server:nginx/1.2.0
5211 DEBUG [2013-03-14 09:08:01]  Date:Thu, 14 Mar 2013 01:08:37 GMT
5211 DEBUG [2013-03-14 09:08:01]  Content-Type:application/json;charset=UTF-8
5211 DEBUG [2013-03-14 09:08:01]  Content-Length:106
5212 DEBUG [2013-03-14 09:08:01]  Connection:keep-alive
5212 DEBUG [2013-03-14 09:08:01]  Api-Server-IP:10.75.5.93
5212 DEBUG [2013-03-14 09:08:01]  Vary:Accept-Encoding
5212 DEBUG [2013-03-14 09:08:01]  X-Varnish:1811815951
5212 DEBUG [2013-03-14 09:08:01]  Age:0
5212 DEBUG [2013-03-14 09:08:01]  Via:1.1 varnish
5212 DEBUG [2013-03-14 09:08:01]  {"error":"User requests out of rate limit!","error_code":10023,"request":"/2/statuses/user_timeline.json"}

5214 DEBUG [2013-03-14 09:08:01]  Request:
5214 DEBUG [2013-03-14 09:08:01]  GET:https://api.weibo.com/2/statuses/user_timeline.json
5214 DEBUG [2013-03-14 09:08:01]  Authorization: OAuth2 2.00itKq1ClJMBkDc9b8527a28Tma5LE
5215 DEBUG [2013-03-14 09:08:01]  API-RemoteIP: 192.168.1.101
5277 DEBUG [2013-03-14 09:08:01]  Response:
5277 DEBUG [2013-03-14 09:08:01]  https StatusCode:403
5277 DEBUG [2013-03-14 09:08:01]  Server:nginx/1.2.0
5277 DEBUG [2013-03-14 09:08:01]  Date:Thu, 14 Mar 2013 01:08:37 GMT
5277 DEBUG [2013-03-14 09:08:01]  Content-Type:application/json;charset=UTF-8
5278 DEBUG [2013-03-14 09:08:01]  Content-Length:106
5278 DEBUG [2013-03-14 09:08:01]  Connection:keep-alive
5278 DEBUG [2013-03-14 09:08:01]  Api-Server-IP:10.75.24.201
5278 DEBUG [2013-03-14 09:08:01]  Vary:Accept-Encoding
5278 DEBUG [2013-03-14 09:08:01]  X-Varnish:1811816253
5278 DEBUG [2013-03-14 09:08:01]  Age:0
5279 DEBUG [2013-03-14 09:08:01]  Via:1.1 varnish
5279 DEBUG [2013-03-14 09:08:01]  {"error":"User requests out of rate limit!","error_code":10023,"request":"/2/statuses/user_timeline.json"}

5282 DEBUG [2013-03-14 09:08:01]  Request:
5282 DEBUG [2013-03-14 09:08:01]  GET:https://api.weibo.com/2/statuses/user_timeline.json
5283 DEBUG [2013-03-14 09:08:01]  Authorization: OAuth2 2.00itKq1ClJMBkDc9b8527a28Tma5LE
5283 DEBUG [2013-03-14 09:08:01]  API-RemoteIP: 192.168.1.101
5345 DEBUG [2013-03-14 09:08:01]  Response:
5345 DEBUG [2013-03-14 09:08:01]  https StatusCode:403
5345 DEBUG [2013-03-14 09:08:01]  Server:nginx/1.2.0
5345 DEBUG [2013-03-14 09:08:01]  Date:Thu, 14 Mar 2013 01:08:37 GMT
5346 DEBUG [2013-03-14 09:08:01]  Content-Type:application/json;charset=UTF-8
5346 DEBUG [2013-03-14 09:08:01]  Content-Length:106
5346 DEBUG [2013-03-14 09:08:01]  Connection:keep-alive
5346 DEBUG [2013-03-14 09:08:01]  Api-Server-IP:10.75.0.175
5346 DEBUG [2013-03-14 09:08:01]  Vary:Accept-Encoding
5346 DEBUG [2013-03-14 09:08:01]  X-Varnish:493968073
5346 DEBUG [2013-03-14 09:08:01]  Age:0
5346 DEBUG [2013-03-14 09:08:01]  Via:1.1 varnish
5346 DEBUG [2013-03-14 09:08:01]  {"error":"User requests out of rate limit!","error_code":10023,"request":"/2/statuses/user_timeline.json"}

5348 DEBUG [2013-03-14 09:08:01]  Request:
5348 DEBUG [2013-03-14 09:08:01]  GET:https://api.weibo.com/2/statuses/user_timeline.json
5349 DEBUG [2013-03-14 09:08:01]  Authorization: OAuth2 2.00itKq1ClJMBkDc9b8527a28Tma5LE
5349 DEBUG [2013-03-14 09:08:01]  API-RemoteIP: 192.168.1.101
5406 DEBUG [2013-03-14 09:08:01]  Response:
5407 DEBUG [2013-03-14 09:08:01]  https StatusCode:403
5407 DEBUG [2013-03-14 09:08:01]  Server:nginx/1.2.0
5407 DEBUG [2013-03-14 09:08:01]  Date:Thu, 14 Mar 2013 01:08:37 GMT
5407 DEBUG [2013-03-14 09:08:01]  Content-Type:application/json;charset=UTF-8
5407 DEBUG [2013-03-14 09:08:01]  Content-Length:106
5408 DEBUG [2013-03-14 09:08:01]  Connection:keep-alive
5408 DEBUG [2013-03-14 09:08:01]  Api-Server-IP:10.75.5.93
5408 DEBUG [2013-03-14 09:08:01]  Vary:Accept-Encoding
5408 DEBUG [2013-03-14 09:08:01]  X-Varnish:880100326
5408 DEBUG [2013-03-14 09:08:01]  Age:0
5408 DEBUG [2013-03-14 09:08:01]  Via:1.1 varnish
5408 DEBUG [2013-03-14 09:08:01]  {"error":"User requests out of rate limit!","error_code":10023,"request":"/2/statuses/user_timeline.json"}

5410 DEBUG [2013-03-14 09:08:01]  Request:
5410 DEBUG [2013-03-14 09:08:01]  GET:https://api.weibo.com/2/statuses/user_timeline.json
5411 DEBUG [2013-03-14 09:08:01]  Authorization: OAuth2 2.00itKq1ClJMBkDc9b8527a28Tma5LE
5411 DEBUG [2013-03-14 09:08:01]  API-RemoteIP: 192.168.1.101
5471 DEBUG [2013-03-14 09:08:01]  Response:
5471 DEBUG [2013-03-14 09:08:01]  https StatusCode:403
5471 DEBUG [2013-03-14 09:08:01]  Server:nginx/1.2.0
5471 DEBUG [2013-03-14 09:08:01]  Date:Thu, 14 Mar 2013 01:08:37 GMT
5472 DEBUG [2013-03-14 09:08:01]  Content-Type:application/json;charset=UTF-8
5472 DEBUG [2013-03-14 09:08:01]  Content-Length:106
5472 DEBUG [2013-03-14 09:08:01]  Connection:keep-alive
5472 DEBUG [2013-03-14 09:08:01]  Api-Server-IP:10.75.5.66
5472 DEBUG [2013-03-14 09:08:01]  Vary:Accept-Encoding
5472 DEBUG [2013-03-14 09:08:01]  X-Varnish:1811817159
5472 DEBUG [2013-03-14 09:08:01]  Age:0
5473 DEBUG [2013-03-14 09:08:01]  Via:1.1 varnish
5473 DEBUG [2013-03-14 09:08:01]  {"error":"User requests out of rate limit!","error_code":10023,"request":"/2/statuses/user_timeline.json"}

5476 DEBUG [2013-03-14 09:08:01]  Request:
5476 DEBUG [2013-03-14 09:08:01]  GET:https://api.weibo.com/2/statuses/user_timeline.json
5477 DEBUG [2013-03-14 09:08:01]  Authorization: OAuth2 2.00itKq1ClJMBkDc9b8527a28Tma5LE
5477 DEBUG [2013-03-14 09:08:01]  API-RemoteIP: 192.168.1.101
5535 DEBUG [2013-03-14 09:08:01]  Response:
5535 DEBUG [2013-03-14 09:08:01]  https StatusCode:403
5536 DEBUG [2013-03-14 09:08:01]  Server:nginx/1.2.0
5536 DEBUG [2013-03-14 09:08:01]  Date:Thu, 14 Mar 2013 01:08:37 GMT
5536 DEBUG [2013-03-14 09:08:01]  Content-Type:application/json;charset=UTF-8
5536 DEBUG [2013-03-14 09:08:01]  Content-Length:106
5536 DEBUG [2013-03-14 09:08:01]  Connection:keep-alive
5536 DEBUG [2013-03-14 09:08:01]  Api-Server-IP:10.75.5.55
5536 DEBUG [2013-03-14 09:08:01]  Vary:Accept-Encoding
5536 DEBUG [2013-03-14 09:08:01]  X-Varnish:493968970
5536 DEBUG [2013-03-14 09:08:01]  Age:0
5536 DEBUG [2013-03-14 09:08:01]  Via:1.1 varnish
5536 DEBUG [2013-03-14 09:08:01]  {"error":"User requests out of rate limit!","error_code":10023,"request":"/2/statuses/user_timeline.json"}

5538 DEBUG [2013-03-14 09:08:01]  Request:
5538 DEBUG [2013-03-14 09:08:01]  GET:https://api.weibo.com/2/statuses/user_timeline.json
5538 DEBUG [2013-03-14 09:08:01]  Authorization: OAuth2 2.00itKq1ClJMBkDc9b8527a28Tma5LE
5538 DEBUG [2013-03-14 09:08:01]  API-RemoteIP: 192.168.1.101
5598 DEBUG [2013-03-14 09:08:01]  Response:
5599 DEBUG [2013-03-14 09:08:01]  https StatusCode:403
5599 DEBUG [2013-03-14 09:08:01]  Server:nginx/1.2.0
5599 DEBUG [2013-03-14 09:08:01]  Date:Thu, 14 Mar 2013 01:08:37 GMT
5599 DEBUG [2013-03-14 09:08:01]  Content-Type:application/json;charset=UTF-8
5599 DEBUG [2013-03-14 09:08:01]  Content-Length:106
5599 DEBUG [2013-03-14 09:08:01]  Connection:keep-alive
5600 DEBUG [2013-03-14 09:08:01]  Api-Server-IP:10.75.5.65
5600 DEBUG [2013-03-14 09:08:01]  Vary:Accept-Encoding
5600 DEBUG [2013-03-14 09:08:01]  X-Varnish:493969254
5600 DEBUG [2013-03-14 09:08:01]  Age:0
5600 DEBUG [2013-03-14 09:08:01]  Via:1.1 varnish
5601 DEBUG [2013-03-14 09:08:01]  {"error":"User requests out of rate limit!","error_code":10023,"request":"/2/statuses/user_timeline.json"}

5603 DEBUG [2013-03-14 09:08:01]  Request:
5604 DEBUG [2013-03-14 09:08:01]  GET:https://api.weibo.com/2/statuses/user_timeline.json
5605 DEBUG [2013-03-14 09:08:01]  Authorization: OAuth2 2.00itKq1ClJMBkDc9b8527a28Tma5LE
5605 DEBUG [2013-03-14 09:08:01]  API-RemoteIP: 192.168.1.101
5662 DEBUG [2013-03-14 09:08:01]  Response:
5662 DEBUG [2013-03-14 09:08:01]  https StatusCode:403
5662 DEBUG [2013-03-14 09:08:01]  Server:nginx/1.2.0
5663 DEBUG [2013-03-14 09:08:01]  Date:Thu, 14 Mar 2013 01:08:37 GMT
5663 DEBUG [2013-03-14 09:08:01]  Content-Type:application/json;charset=UTF-8
5663 DEBUG [2013-03-14 09:08:01]  Content-Length:106
5663 DEBUG [2013-03-14 09:08:01]  Connection:keep-alive
5663 DEBUG [2013-03-14 09:08:01]  Api-Server-IP:10.75.5.94
5663 DEBUG [2013-03-14 09:08:01]  Vary:Accept-Encoding
5663 DEBUG [2013-03-14 09:08:01]  X-Varnish:233245963
5663 DEBUG [2013-03-14 09:08:01]  Age:0
5663 DEBUG [2013-03-14 09:08:01]  Via:1.1 varnish
5663 DEBUG [2013-03-14 09:08:01]  {"error":"User requests out of rate limit!","error_code":10023,"request":"/2/statuses/user_timeline.json"}

5665 DEBUG [2013-03-14 09:08:01]  Request:
5665 DEBUG [2013-03-14 09:08:01]  GET:https://api.weibo.com/2/statuses/user_timeline.json
5666 DEBUG [2013-03-14 09:08:01]  Authorization: OAuth2 2.00itKq1ClJMBkDc9b8527a28Tma5LE
5666 DEBUG [2013-03-14 09:08:01]  API-RemoteIP: 192.168.1.101
5725 DEBUG [2013-03-14 09:08:01]  Response:
5725 DEBUG [2013-03-14 09:08:01]  https StatusCode:403
5725 DEBUG [2013-03-14 09:08:01]  Server:nginx/1.2.0
5725 DEBUG [2013-03-14 09:08:01]  Date:Thu, 14 Mar 2013 01:08:37 GMT
5726 DEBUG [2013-03-14 09:08:01]  Content-Type:application/json;charset=UTF-8
5726 DEBUG [2013-03-14 09:08:01]  Content-Length:106
5726 DEBUG [2013-03-14 09:08:01]  Connection:keep-alive
5726 DEBUG [2013-03-14 09:08:01]  Api-Server-IP:10.75.5.90
5727 DEBUG [2013-03-14 09:08:01]  Vary:Accept-Encoding
5727 DEBUG [2013-03-14 09:08:01]  X-Varnish:493969873
5727 DEBUG [2013-03-14 09:08:01]  Age:0
5727 DEBUG [2013-03-14 09:08:01]  Via:1.1 varnish
5728 DEBUG [2013-03-14 09:08:01]  {"error":"User requests out of rate limit!","error_code":10023,"request":"/2/statuses/user_timeline.json"}

5731 DEBUG [2013-03-14 09:08:01]  Request:
5731 DEBUG [2013-03-14 09:08:01]  GET:https://api.weibo.com/2/statuses/user_timeline.json
5732 DEBUG [2013-03-14 09:08:01]  Authorization: OAuth2 2.00itKq1ClJMBkDc9b8527a28Tma5LE
5732 DEBUG [2013-03-14 09:08:01]  API-RemoteIP: 192.168.1.101
5799 DEBUG [2013-03-14 09:08:01]  Response:
5799 DEBUG [2013-03-14 09:08:01]  https StatusCode:403
5799 DEBUG [2013-03-14 09:08:01]  Server:nginx/1.2.0
5799 DEBUG [2013-03-14 09:08:01]  Date:Thu, 14 Mar 2013 01:08:37 GMT
5799 DEBUG [2013-03-14 09:08:01]  Content-Type:application/json;charset=UTF-8
5800 DEBUG [2013-03-14 09:08:01]  Content-Length:106
5800 DEBUG [2013-03-14 09:08:01]  Connection:keep-alive
5800 DEBUG [2013-03-14 09:08:01]  Api-Server-IP:10.75.5.91
5800 DEBUG [2013-03-14 09:08:01]  Vary:Accept-Encoding
5800 DEBUG [2013-03-14 09:08:01]  X-Varnish:493970199
5800 DEBUG [2013-03-14 09:08:01]  Age:0
5800 DEBUG [2013-03-14 09:08:01]  Via:1.1 varnish
5800 DEBUG [2013-03-14 09:08:01]  {"error":"User requests out of rate limit!","error_code":10023,"request":"/2/statuses/user_timeline.json"}

5803 DEBUG [2013-03-14 09:08:01]  Request:
5803 DEBUG [2013-03-14 09:08:01]  GET:https://api.weibo.com/2/statuses/user_timeline.json
5804 DEBUG [2013-03-14 09:08:01]  Authorization: OAuth2 2.00itKq1ClJMBkDc9b8527a28Tma5LE
5804 DEBUG [2013-03-14 09:08:01]  API-RemoteIP: 192.168.1.101
5862 DEBUG [2013-03-14 09:08:01]  Response:
5862 DEBUG [2013-03-14 09:08:01]  https StatusCode:403
5863 DEBUG [2013-03-14 09:08:01]  Server:nginx/1.2.0
5863 DEBUG [2013-03-14 09:08:01]  Date:Thu, 14 Mar 2013 01:08:37 GMT
5863 DEBUG [2013-03-14 09:08:01]  Content-Type:application/json;charset=UTF-8
5863 DEBUG [2013-03-14 09:08:01]  Content-Length:106
5863 DEBUG [2013-03-14 09:08:01]  Connection:keep-alive
5863 DEBUG [2013-03-14 09:08:01]  Api-Server-IP:10.75.24.206
5863 DEBUG [2013-03-14 09:08:01]  Vary:Accept-Encoding
5863 DEBUG [2013-03-14 09:08:01]  X-Varnish:1811818997
5863 DEBUG [2013-03-14 09:08:01]  Age:0
5863 DEBUG [2013-03-14 09:08:01]  Via:1.1 varnish
5864 DEBUG [2013-03-14 09:08:01]  {"error":"User requests out of rate limit!","error_code":10023,"request":"/2/statuses/user_timeline.json"}

5865 DEBUG [2013-03-14 09:08:01]  Request:
5865 DEBUG [2013-03-14 09:08:01]  GET:https://api.weibo.com/2/statuses/user_timeline.json
5865 DEBUG [2013-03-14 09:08:01]  Authorization: OAuth2 2.00itKq1ClJMBkDc9b8527a28Tma5LE
5865 DEBUG [2013-03-14 09:08:01]  API-RemoteIP: 192.168.1.101
5925 DEBUG [2013-03-14 09:08:01]  Response:
5926 DEBUG [2013-03-14 09:08:01]  https StatusCode:403
5926 DEBUG [2013-03-14 09:08:01]  Server:nginx/1.2.0
5926 DEBUG [2013-03-14 09:08:01]  Date:Thu, 14 Mar 2013 01:08:38 GMT
5926 DEBUG [2013-03-14 09:08:01]  Content-Type:application/json;charset=UTF-8
5926 DEBUG [2013-03-14 09:08:01]  Content-Length:106
5926 DEBUG [2013-03-14 09:08:01]  Connection:keep-alive
5926 DEBUG [2013-03-14 09:08:01]  Api-Server-IP:10.75.5.93
5927 DEBUG [2013-03-14 09:08:01]  Vary:Accept-Encoding
5927 DEBUG [2013-03-14 09:08:01]  X-Varnish:493970754
5927 DEBUG [2013-03-14 09:08:01]  Age:0
5927 DEBUG [2013-03-14 09:08:01]  Via:1.1 varnish
5927 DEBUG [2013-03-14 09:08:01]  {"error":"User requests out of rate limit!","error_code":10023,"request":"/2/statuses/user_timeline.json"}

5930 DEBUG [2013-03-14 09:08:01]  Request:
5930 DEBUG [2013-03-14 09:08:01]  GET:https://api.weibo.com/2/statuses/user_timeline.json
5931 DEBUG [2013-03-14 09:08:01]  Authorization: OAuth2 2.00itKq1ClJMBkDc9b8527a28Tma5LE
5931 DEBUG [2013-03-14 09:08:01]  API-RemoteIP: 192.168.1.101
5992 DEBUG [2013-03-14 09:08:01]  Response:
5992 DEBUG [2013-03-14 09:08:01]  https StatusCode:403
5992 DEBUG [2013-03-14 09:08:01]  Server:nginx/1.2.0
5992 DEBUG [2013-03-14 09:08:01]  Date:Thu, 14 Mar 2013 01:08:38 GMT
5992 DEBUG [2013-03-14 09:08:01]  Content-Type:application/json;charset=UTF-8
5993 DEBUG [2013-03-14 09:08:01]  Content-Length:106
5993 DEBUG [2013-03-14 09:08:01]  Connection:keep-alive
5993 DEBUG [2013-03-14 09:08:01]  Api-Server-IP:10.75.5.58
5993 DEBUG [2013-03-14 09:08:01]  Vary:Accept-Encoding
5993 DEBUG [2013-03-14 09:08:01]  X-Varnish:1811819572
5993 DEBUG [2013-03-14 09:08:01]  Age:0
5993 DEBUG [2013-03-14 09:08:01]  Via:1.1 varnish
5994 DEBUG [2013-03-14 09:08:01]  {"error":"User requests out of rate limit!","error_code":10023,"request":"/2/statuses/user_timeline.json"}

5995 DEBUG [2013-03-14 09:08:01]  Request:
5996 DEBUG [2013-03-14 09:08:01]  GET:https://api.weibo.com/2/statuses/user_timeline.json
5996 DEBUG [2013-03-14 09:08:01]  Authorization: OAuth2 2.00itKq1ClJMBkDc9b8527a28Tma5LE
6006 DEBUG [2013-03-14 09:08:01]  API-RemoteIP: 192.168.1.101
6062 DEBUG [2013-03-14 09:08:01]  Response:
6064 DEBUG [2013-03-14 09:08:01]  https StatusCode:403
6064 DEBUG [2013-03-14 09:08:01]  Server:nginx/1.2.0
6064 DEBUG [2013-03-14 09:08:01]  Date:Thu, 14 Mar 2013 01:08:38 GMT
6064 DEBUG [2013-03-14 09:08:01]  Content-Type:application/json;charset=UTF-8
6064 DEBUG [2013-03-14 09:08:01]  Content-Length:106
6064 DEBUG [2013-03-14 09:08:01]  Connection:keep-alive
6064 DEBUG [2013-03-14 09:08:01]  Api-Server-IP:10.75.5.66
6064 DEBUG [2013-03-14 09:08:01]  Vary:Accept-Encoding
6064 DEBUG [2013-03-14 09:08:01]  X-Varnish:493971366
6065 DEBUG [2013-03-14 09:08:01]  Age:0
6065 DEBUG [2013-03-14 09:08:01]  Via:1.1 varnish
6065 DEBUG [2013-03-14 09:08:01]  {"error":"User requests out of rate limit!","error_code":10023,"request":"/2/statuses/user_timeline.json"}

6067 DEBUG [2013-03-14 09:08:01]  Request:
6067 DEBUG [2013-03-14 09:08:01]  GET:https://api.weibo.com/2/statuses/user_timeline.json
6067 DEBUG [2013-03-14 09:08:01]  Authorization: OAuth2 2.00itKq1ClJMBkDc9b8527a28Tma5LE
6068 DEBUG [2013-03-14 09:08:01]  API-RemoteIP: 192.168.1.101
6126 DEBUG [2013-03-14 09:08:01]  Response:
6126 DEBUG [2013-03-14 09:08:01]  https StatusCode:403
6126 DEBUG [2013-03-14 09:08:01]  Server:nginx/1.2.0
6126 DEBUG [2013-03-14 09:08:01]  Date:Thu, 14 Mar 2013 01:08:38 GMT
6126 DEBUG [2013-03-14 09:08:01]  Content-Type:application/json;charset=UTF-8
6126 DEBUG [2013-03-14 09:08:01]  Content-Length:106
6126 DEBUG [2013-03-14 09:08:01]  Connection:keep-alive
6126 DEBUG [2013-03-14 09:08:01]  Api-Server-IP:10.75.5.61
6127 DEBUG [2013-03-14 09:08:01]  Vary:Accept-Encoding
6127 DEBUG [2013-03-14 09:08:01]  X-Varnish:880103569
6127 DEBUG [2013-03-14 09:08:01]  Age:0
6127 DEBUG [2013-03-14 09:08:01]  Via:1.1 varnish
6127 DEBUG [2013-03-14 09:08:01]  {"error":"User requests out of rate limit!","error_code":10023,"request":"/2/statuses/user_timeline.json"}

6128 DEBUG [2013-03-14 09:08:01]  Request:
6128 DEBUG [2013-03-14 09:08:01]  GET:https://api.weibo.com/2/statuses/user_timeline.json
6129 DEBUG [2013-03-14 09:08:02]  Authorization: OAuth2 2.00itKq1ClJMBkDc9b8527a28Tma5LE
6129 DEBUG [2013-03-14 09:08:02]  API-RemoteIP: 192.168.1.101
6187 DEBUG [2013-03-14 09:08:02]  Response:
6187 DEBUG [2013-03-14 09:08:02]  https StatusCode:403
6187 DEBUG [2013-03-14 09:08:02]  Server:nginx/1.2.0
6187 DEBUG [2013-03-14 09:08:02]  Date:Thu, 14 Mar 2013 01:08:38 GMT
6187 DEBUG [2013-03-14 09:08:02]  Content-Type:application/json;charset=UTF-8
6187 DEBUG [2013-03-14 09:08:02]  Content-Length:106
6187 DEBUG [2013-03-14 09:08:02]  Connection:keep-alive
6188 DEBUG [2013-03-14 09:08:02]  Api-Server-IP:10.75.0.175
6188 DEBUG [2013-03-14 09:08:02]  Vary:Accept-Encoding
6188 DEBUG [2013-03-14 09:08:02]  X-Varnish:233248397
6188 DEBUG [2013-03-14 09:08:02]  Age:0
6188 DEBUG [2013-03-14 09:08:02]  Via:1.1 varnish
6188 DEBUG [2013-03-14 09:08:02]  {"error":"User requests out of rate limit!","error_code":10023,"request":"/2/statuses/user_timeline.json"}

6189 DEBUG [2013-03-14 09:08:02]  Request:
6189 DEBUG [2013-03-14 09:08:02]  GET:https://api.weibo.com/2/statuses/user_timeline.json
6190 DEBUG [2013-03-14 09:08:02]  Authorization: OAuth2 2.00itKq1ClJMBkDc9b8527a28Tma5LE
6190 DEBUG [2013-03-14 09:08:02]  API-RemoteIP: 192.168.1.101
6250 DEBUG [2013-03-14 09:08:02]  Response:
6250 DEBUG [2013-03-14 09:08:02]  https StatusCode:403
6251 DEBUG [2013-03-14 09:08:02]  Server:nginx/1.2.0
6251 DEBUG [2013-03-14 09:08:02]  Date:Thu, 14 Mar 2013 01:08:38 GMT
6251 DEBUG [2013-03-14 09:08:02]  Content-Type:application/json;charset=UTF-8
6251 DEBUG [2013-03-14 09:08:02]  Content-Length:106
6251 DEBUG [2013-03-14 09:08:02]  Connection:keep-alive
6251 DEBUG [2013-03-14 09:08:02]  Api-Server-IP:10.75.24.206
6251 DEBUG [2013-03-14 09:08:02]  Vary:Accept-Encoding
6251 DEBUG [2013-03-14 09:08:02]  X-Varnish:233248712
6251 DEBUG [2013-03-14 09:08:02]  Age:0
6251 DEBUG [2013-03-14 09:08:02]  Via:1.1 varnish
6252 DEBUG [2013-03-14 09:08:02]  {"error":"User requests out of rate limit!","error_code":10023,"request":"/2/statuses/user_timeline.json"}

6254 DEBUG [2013-03-14 09:08:02]  Request:
6254 DEBUG [2013-03-14 09:08:02]  GET:https://api.weibo.com/2/statuses/user_timeline.json
6254 DEBUG [2013-03-14 09:08:02]  Authorization: OAuth2 2.00itKq1ClJMBkDc9b8527a28Tma5LE
6255 DEBUG [2013-03-14 09:08:02]  API-RemoteIP: 192.168.1.101
6313 DEBUG [2013-03-14 09:08:02]  Response:
6313 DEBUG [2013-03-14 09:08:02]  https StatusCode:403
6313 DEBUG [2013-03-14 09:08:02]  Server:nginx/1.2.0
6313 DEBUG [2013-03-14 09:08:02]  Date:Thu, 14 Mar 2013 01:08:38 GMT
6313 DEBUG [2013-03-14 09:08:02]  Content-Type:application/json;charset=UTF-8
6313 DEBUG [2013-03-14 09:08:02]  Content-Length:106
6313 DEBUG [2013-03-14 09:08:02]  Connection:keep-alive
6314 DEBUG [2013-03-14 09:08:02]  Api-Server-IP:10.75.0.174
6314 DEBUG [2013-03-14 09:08:02]  Vary:Accept-Encoding
6314 DEBUG [2013-03-14 09:08:02]  X-Varnish:233249041
6314 DEBUG [2013-03-14 09:08:02]  Age:0
6314 DEBUG [2013-03-14 09:08:02]  Via:1.1 varnish
6314 DEBUG [2013-03-14 09:08:02]  {"error":"User requests out of rate limit!","error_code":10023,"request":"/2/statuses/user_timeline.json"}

6315 DEBUG [2013-03-14 09:08:02]  Request:
6315 DEBUG [2013-03-14 09:08:02]  GET:https://api.weibo.com/2/statuses/user_timeline.json
6316 DEBUG [2013-03-14 09:08:02]  Authorization: OAuth2 2.00itKq1ClJMBkDc9b8527a28Tma5LE
6316 DEBUG [2013-03-14 09:08:02]  API-RemoteIP: 192.168.1.101
6374 DEBUG [2013-03-14 09:08:02]  Response:
6375 DEBUG [2013-03-14 09:08:02]  https StatusCode:403
6375 DEBUG [2013-03-14 09:08:02]  Server:nginx/1.2.0
6375 DEBUG [2013-03-14 09:08:02]  Date:Thu, 14 Mar 2013 01:08:38 GMT
6375 DEBUG [2013-03-14 09:08:02]  Content-Type:application/json;charset=UTF-8
6375 DEBUG [2013-03-14 09:08:02]  Content-Length:106
6375 DEBUG [2013-03-14 09:08:02]  Connection:keep-alive
6375 DEBUG [2013-03-14 09:08:02]  Api-Server-IP:10.75.0.175
6376 DEBUG [2013-03-14 09:08:02]  Vary:Accept-Encoding
6376 DEBUG [2013-03-14 09:08:02]  X-Varnish:1811821306
6376 DEBUG [2013-03-14 09:08:02]  Age:0
6376 DEBUG [2013-03-14 09:08:02]  Via:1.1 varnish
6376 DEBUG [2013-03-14 09:08:02]  {"error":"User requests out of rate limit!","error_code":10023,"request":"/2/statuses/user_timeline.json"}

6379 DEBUG [2013-03-14 09:08:02]  Request:
6379 DEBUG [2013-03-14 09:08:02]  GET:https://api.weibo.com/2/statuses/user_timeline.json
6380 DEBUG [2013-03-14 09:08:02]  Authorization: OAuth2 2.00itKq1ClJMBkDc9b8527a28Tma5LE
6380 DEBUG [2013-03-14 09:08:02]  API-RemoteIP: 192.168.1.101
6439 DEBUG [2013-03-14 09:08:02]  Response:
6439 DEBUG [2013-03-14 09:08:02]  https StatusCode:403
6439 DEBUG [2013-03-14 09:08:02]  Server:nginx/1.2.0
6439 DEBUG [2013-03-14 09:08:02]  Date:Thu, 14 Mar 2013 01:08:38 GMT
6439 DEBUG [2013-03-14 09:08:02]  Content-Type:application/json;charset=UTF-8
6439 DEBUG [2013-03-14 09:08:02]  Content-Length:106
6439 DEBUG [2013-03-14 09:08:02]  Connection:keep-alive
6439 DEBUG [2013-03-14 09:08:02]  Api-Server-IP:10.75.5.55
6440 DEBUG [2013-03-14 09:08:02]  Vary:Accept-Encoding
6440 DEBUG [2013-03-14 09:08:02]  X-Varnish:493973096
6440 DEBUG [2013-03-14 09:08:02]  Age:0
6440 DEBUG [2013-03-14 09:08:02]  Via:1.1 varnish
6440 DEBUG [2013-03-14 09:08:02]  {"error":"User requests out of rate limit!","error_code":10023,"request":"/2/statuses/user_timeline.json"}

6441 DEBUG [2013-03-14 09:08:02]  Request:
6441 DEBUG [2013-03-14 09:08:02]  GET:https://api.weibo.com/2/statuses/user_timeline.json
6442 DEBUG [2013-03-14 09:08:02]  Authorization: OAuth2 2.00itKq1ClJMBkDc9b8527a28Tma5LE
6442 DEBUG [2013-03-14 09:08:02]  API-RemoteIP: 192.168.1.101
6499 DEBUG [2013-03-14 09:08:02]  Response:
6499 DEBUG [2013-03-14 09:08:02]  https StatusCode:403
6499 DEBUG [2013-03-14 09:08:02]  Server:nginx/1.2.0
6499 DEBUG [2013-03-14 09:08:02]  Date:Thu, 14 Mar 2013 01:08:38 GMT
6499 DEBUG [2013-03-14 09:08:02]  Content-Type:application/json;charset=UTF-8
6500 DEBUG [2013-03-14 09:08:02]  Content-Length:106
6500 DEBUG [2013-03-14 09:08:02]  Connection:keep-alive
6500 DEBUG [2013-03-14 09:08:02]  Api-Server-IP:10.75.5.68
6500 DEBUG [2013-03-14 09:08:02]  Vary:Accept-Encoding
6500 DEBUG [2013-03-14 09:08:02]  X-Varnish:493973391
6500 DEBUG [2013-03-14 09:08:02]  Age:0
6500 DEBUG [2013-03-14 09:08:02]  Via:1.1 varnish
6500 DEBUG [2013-03-14 09:08:02]  {"error":"User requests out of rate limit!","error_code":10023,"request":"/2/statuses/user_timeline.json"}

6502 DEBUG [2013-03-14 09:08:02]  Request:
6502 DEBUG [2013-03-14 09:08:02]  GET:https://api.weibo.com/2/statuses/user_timeline.json
6502 DEBUG [2013-03-14 09:08:02]  Authorization: OAuth2 2.00itKq1ClJMBkDc9b8527a28Tma5LE
6502 DEBUG [2013-03-14 09:08:02]  API-RemoteIP: 192.168.1.101
6562 DEBUG [2013-03-14 09:08:02]  Response:
6563 DEBUG [2013-03-14 09:08:02]  https StatusCode:403
6563 DEBUG [2013-03-14 09:08:02]  Server:nginx/1.2.0
6563 DEBUG [2013-03-14 09:08:02]  Date:Thu, 14 Mar 2013 01:08:38 GMT
6563 DEBUG [2013-03-14 09:08:02]  Content-Type:application/json;charset=UTF-8
6563 DEBUG [2013-03-14 09:08:02]  Content-Length:106
6563 DEBUG [2013-03-14 09:08:02]  Connection:keep-alive
6563 DEBUG [2013-03-14 09:08:02]  Api-Server-IP:10.75.5.55
6563 DEBUG [2013-03-14 09:08:02]  Vary:Accept-Encoding
6563 DEBUG [2013-03-14 09:08:02]  X-Varnish:1811822118
6563 DEBUG [2013-03-14 09:08:02]  Age:0
6563 DEBUG [2013-03-14 09:08:02]  Via:1.1 varnish
6563 DEBUG [2013-03-14 09:08:02]  {"error":"User requests out of rate limit!","error_code":10023,"request":"/2/statuses/user_timeline.json"}

6565 DEBUG [2013-03-14 09:08:02]  Request:
6565 DEBUG [2013-03-14 09:08:02]  GET:https://api.weibo.com/2/statuses/user_timeline.json
6565 DEBUG [2013-03-14 09:08:02]  Authorization: OAuth2 2.00itKq1ClJMBkDc9b8527a28Tma5LE
6565 DEBUG [2013-03-14 09:08:02]  API-RemoteIP: 192.168.1.101
6624 DEBUG [2013-03-14 09:08:02]  Response:
6625 DEBUG [2013-03-14 09:08:02]  https StatusCode:403
6625 DEBUG [2013-03-14 09:08:02]  Server:nginx/1.2.0
6625 DEBUG [2013-03-14 09:08:02]  Date:Thu, 14 Mar 2013 01:08:38 GMT
6625 DEBUG [2013-03-14 09:08:02]  Content-Type:application/json;charset=UTF-8
6625 DEBUG [2013-03-14 09:08:02]  Content-Length:106
6625 DEBUG [2013-03-14 09:08:02]  Connection:keep-alive
6625 DEBUG [2013-03-14 09:08:02]  Api-Server-IP:10.75.5.96
6626 DEBUG [2013-03-14 09:08:02]  Vary:Accept-Encoding
6626 DEBUG [2013-03-14 09:08:02]  X-Varnish:233250449
6626 DEBUG [2013-03-14 09:08:02]  Age:0
6626 DEBUG [2013-03-14 09:08:02]  Via:1.1 varnish
6626 DEBUG [2013-03-14 09:08:02]  {"error":"User requests out of rate limit!","error_code":10023,"request":"/2/statuses/user_timeline.json"}

6629 DEBUG [2013-03-14 09:08:02]  Request:
6629 DEBUG [2013-03-14 09:08:02]  GET:https://api.weibo.com/2/statuses/user_timeline.json
6630 DEBUG [2013-03-14 09:08:02]  Authorization: OAuth2 2.00itKq1ClJMBkDc9b8527a28Tma5LE
6630 DEBUG [2013-03-14 09:08:02]  API-RemoteIP: 192.168.1.101
6691 DEBUG [2013-03-14 09:08:02]  Response:
6692 DEBUG [2013-03-14 09:08:02]  https StatusCode:403
6692 DEBUG [2013-03-14 09:08:02]  Server:nginx/1.2.0
6692 DEBUG [2013-03-14 09:08:02]  Date:Thu, 14 Mar 2013 01:08:38 GMT
6692 DEBUG [2013-03-14 09:08:02]  Content-Type:application/json;charset=UTF-8
6692 DEBUG [2013-03-14 09:08:02]  Content-Length:106
6692 DEBUG [2013-03-14 09:08:02]  Connection:keep-alive
6692 DEBUG [2013-03-14 09:08:02]  Api-Server-IP:10.75.0.172
6692 DEBUG [2013-03-14 09:08:02]  Vary:Accept-Encoding
6692 DEBUG [2013-03-14 09:08:02]  X-Varnish:233250777
6692 DEBUG [2013-03-14 09:08:02]  Age:0
6692 DEBUG [2013-03-14 09:08:02]  Via:1.1 varnish
6692 DEBUG [2013-03-14 09:08:02]  {"error":"User requests out of rate limit!","error_code":10023,"request":"/2/statuses/user_timeline.json"}

6694 DEBUG [2013-03-14 09:08:02]  Request:
6694 DEBUG [2013-03-14 09:08:02]  GET:https://api.weibo.com/2/statuses/user_timeline.json
6694 DEBUG [2013-03-14 09:08:02]  Authorization: OAuth2 2.00itKq1ClJMBkDc9b8527a28Tma5LE
6694 DEBUG [2013-03-14 09:08:02]  API-RemoteIP: 192.168.1.101
6753 DEBUG [2013-03-14 09:08:02]  Response:
6754 DEBUG [2013-03-14 09:08:02]  https StatusCode:403
6754 DEBUG [2013-03-14 09:08:02]  Server:nginx/1.2.0
6754 DEBUG [2013-03-14 09:08:02]  Date:Thu, 14 Mar 2013 01:08:38 GMT
6754 DEBUG [2013-03-14 09:08:02]  Content-Type:application/json;charset=UTF-8
6754 DEBUG [2013-03-14 09:08:02]  Content-Length:106
6754 DEBUG [2013-03-14 09:08:02]  Connection:keep-alive
6754 DEBUG [2013-03-14 09:08:02]  Api-Server-IP:10.75.24.202
6754 DEBUG [2013-03-14 09:08:02]  Vary:Accept-Encoding
6754 DEBUG [2013-03-14 09:08:02]  X-Varnish:880106438
6754 DEBUG [2013-03-14 09:08:02]  Age:0
6754 DEBUG [2013-03-14 09:08:02]  Via:1.1 varnish
6754 DEBUG [2013-03-14 09:08:02]  {"error":"User requests out of rate limit!","error_code":10023,"request":"/2/statuses/user_timeline.json"}

6756 DEBUG [2013-03-14 09:08:02]  Request:
6756 DEBUG [2013-03-14 09:08:02]  GET:https://api.weibo.com/2/statuses/user_timeline.json
6757 DEBUG [2013-03-14 09:08:02]  Authorization: OAuth2 2.00itKq1ClJMBkDc9b8527a28Tma5LE
6757 DEBUG [2013-03-14 09:08:02]  API-RemoteIP: 192.168.1.101
6816 DEBUG [2013-03-14 09:08:02]  Response:
6817 DEBUG [2013-03-14 09:08:02]  https StatusCode:403
6817 DEBUG [2013-03-14 09:08:02]  Server:nginx/1.2.0
6817 DEBUG [2013-03-14 09:08:02]  Date:Thu, 14 Mar 2013 01:08:38 GMT
6817 DEBUG [2013-03-14 09:08:02]  Content-Type:application/json;charset=UTF-8
6817 DEBUG [2013-03-14 09:08:02]  Content-Length:106
6817 DEBUG [2013-03-14 09:08:02]  Connection:keep-alive
6817 DEBUG [2013-03-14 09:08:02]  Api-Server-IP:10.75.5.55
6817 DEBUG [2013-03-14 09:08:02]  Vary:Accept-Encoding
6817 DEBUG [2013-03-14 09:08:02]  X-Varnish:493974916
6817 DEBUG [2013-03-14 09:08:02]  Age:0
6817 DEBUG [2013-03-14 09:08:02]  Via:1.1 varnish
6817 DEBUG [2013-03-14 09:08:02]  {"error":"User requests out of rate limit!","error_code":10023,"request":"/2/statuses/user_timeline.json"}

6818 DEBUG [2013-03-14 09:08:02]  Request:
6819 DEBUG [2013-03-14 09:08:02]  GET:https://api.weibo.com/2/statuses/user_timeline.json
6819 DEBUG [2013-03-14 09:08:02]  Authorization: OAuth2 2.00itKq1ClJMBkDc9b8527a28Tma5LE
6819 DEBUG [2013-03-14 09:08:02]  API-RemoteIP: 192.168.1.101
6875 DEBUG [2013-03-14 09:08:02]  Response:
6875 DEBUG [2013-03-14 09:08:02]  https StatusCode:403
6875 DEBUG [2013-03-14 09:08:02]  Server:nginx/1.2.0
6875 DEBUG [2013-03-14 09:08:02]  Date:Thu, 14 Mar 2013 01:08:38 GMT
6876 DEBUG [2013-03-14 09:08:02]  Content-Type:application/json;charset=UTF-8
6876 DEBUG [2013-03-14 09:08:02]  Content-Length:106
6876 DEBUG [2013-03-14 09:08:02]  Connection:keep-alive
6876 DEBUG [2013-03-14 09:08:02]  Api-Server-IP:10.75.5.93
6876 DEBUG [2013-03-14 09:08:02]  Vary:Accept-Encoding
6876 DEBUG [2013-03-14 09:08:02]  X-Varnish:1811823670
6876 DEBUG [2013-03-14 09:08:02]  Age:0
6876 DEBUG [2013-03-14 09:08:02]  Via:1.1 varnish
6876 DEBUG [2013-03-14 09:08:02]  {"error":"User requests out of rate limit!","error_code":10023,"request":"/2/statuses/user_timeline.json"}

6877 DEBUG [2013-03-14 09:08:02]  Request:
6877 DEBUG [2013-03-14 09:08:02]  GET:https://api.weibo.com/2/statuses/user_timeline.json
6878 DEBUG [2013-03-14 09:08:02]  Authorization: OAuth2 2.00itKq1ClJMBkDc9b8527a28Tma5LE
6878 DEBUG [2013-03-14 09:08:02]  API-RemoteIP: 192.168.1.101
6937 DEBUG [2013-03-14 09:08:02]  Response:
6938 DEBUG [2013-03-14 09:08:02]  https StatusCode:403
6938 DEBUG [2013-03-14 09:08:02]  Server:nginx/1.2.0
6938 DEBUG [2013-03-14 09:08:02]  Date:Thu, 14 Mar 2013 01:08:39 GMT
6938 DEBUG [2013-03-14 09:08:02]  Content-Type:application/json;charset=UTF-8
6938 DEBUG [2013-03-14 09:08:02]  Content-Length:106
6938 DEBUG [2013-03-14 09:08:02]  Connection:keep-alive
6938 DEBUG [2013-03-14 09:08:02]  Api-Server-IP:10.75.5.68
6938 DEBUG [2013-03-14 09:08:02]  Vary:Accept-Encoding
6938 DEBUG [2013-03-14 09:08:02]  X-Varnish:1811823943
6939 DEBUG [2013-03-14 09:08:02]  Age:0
6939 DEBUG [2013-03-14 09:08:02]  Via:1.1 varnish
6939 DEBUG [2013-03-14 09:08:02]  {"error":"User requests out of rate limit!","error_code":10023,"request":"/2/statuses/user_timeline.json"}

6942 DEBUG [2013-03-14 09:08:02]  Request:
6942 DEBUG [2013-03-14 09:08:02]  GET:https://api.weibo.com/2/statuses/user_timeline.json
6943 DEBUG [2013-03-14 09:08:02]  Authorization: OAuth2 2.00itKq1ClJMBkDc9b8527a28Tma5LE
6943 DEBUG [2013-03-14 09:08:02]  API-RemoteIP: 192.168.1.101
7002 DEBUG [2013-03-14 09:08:02]  Response:
7002 DEBUG [2013-03-14 09:08:02]  https StatusCode:403
7002 DEBUG [2013-03-14 09:08:02]  Server:nginx/1.2.0
7003 DEBUG [2013-03-14 09:08:02]  Date:Thu, 14 Mar 2013 01:08:39 GMT
7003 DEBUG [2013-03-14 09:08:02]  Content-Type:application/json;charset=UTF-8
7003 DEBUG [2013-03-14 09:08:02]  Content-Length:106
7003 DEBUG [2013-03-14 09:08:02]  Connection:keep-alive
7003 DEBUG [2013-03-14 09:08:02]  Api-Server-IP:10.75.0.171
7003 DEBUG [2013-03-14 09:08:02]  Vary:Accept-Encoding
7003 DEBUG [2013-03-14 09:08:02]  X-Varnish:1811824277
7003 DEBUG [2013-03-14 09:08:02]  Age:0
7003 DEBUG [2013-03-14 09:08:02]  Via:1.1 varnish
7003 DEBUG [2013-03-14 09:08:02]  {"error":"User requests out of rate limit!","error_code":10023,"request":"/2/statuses/user_timeline.json"}

7004 DEBUG [2013-03-14 09:08:02]  Request:
7004 DEBUG [2013-03-14 09:08:02]  GET:https://api.weibo.com/2/statuses/user_timeline.json
7005 DEBUG [2013-03-14 09:08:02]  Authorization: OAuth2 2.00itKq1ClJMBkDc9b8527a28Tma5LE
7005 DEBUG [2013-03-14 09:08:02]  API-RemoteIP: 192.168.1.101
7063 DEBUG [2013-03-14 09:08:02]  Response:
7063 DEBUG [2013-03-14 09:08:02]  https StatusCode:403
7063 DEBUG [2013-03-14 09:08:02]  Server:nginx/1.2.0
7063 DEBUG [2013-03-14 09:08:02]  Date:Thu, 14 Mar 2013 01:08:39 GMT
7064 DEBUG [2013-03-14 09:08:02]  Content-Type:application/json;charset=UTF-8
7064 DEBUG [2013-03-14 09:08:02]  Content-Length:106
7064 DEBUG [2013-03-14 09:08:02]  Connection:keep-alive
7064 DEBUG [2013-03-14 09:08:02]  Api-Server-IP:10.75.5.59
7064 DEBUG [2013-03-14 09:08:02]  Vary:Accept-Encoding
7064 DEBUG [2013-03-14 09:08:02]  X-Varnish:233252537
7064 DEBUG [2013-03-14 09:08:02]  Age:0
7064 DEBUG [2013-03-14 09:08:02]  Via:1.1 varnish
7064 DEBUG [2013-03-14 09:08:02]  {"error":"User requests out of rate limit!","error_code":10023,"request":"/2/statuses/user_timeline.json"}

7065 DEBUG [2013-03-14 09:08:02]  Request:
7065 DEBUG [2013-03-14 09:08:02]  GET:https://api.weibo.com/2/statuses/user_timeline.json
7066 DEBUG [2013-03-14 09:08:02]  Authorization: OAuth2 2.00itKq1ClJMBkDc9b8527a28Tma5LE
7066 DEBUG [2013-03-14 09:08:02]  API-RemoteIP: 192.168.1.101
7126 DEBUG [2013-03-14 09:08:02]  Response:
7126 DEBUG [2013-03-14 09:08:02]  https StatusCode:403
7126 DEBUG [2013-03-14 09:08:02]  Server:nginx/1.2.0
7126 DEBUG [2013-03-14 09:08:02]  Date:Thu, 14 Mar 2013 01:08:39 GMT
7126 DEBUG [2013-03-14 09:08:02]  Content-Type:application/json;charset=UTF-8
7126 DEBUG [2013-03-14 09:08:02]  Content-Length:106
7126 DEBUG [2013-03-14 09:08:02]  Connection:keep-alive
7126 DEBUG [2013-03-14 09:08:02]  Api-Server-IP:10.75.5.59
7127 DEBUG [2013-03-14 09:08:02]  Vary:Accept-Encoding
7127 DEBUG [2013-03-14 09:08:02]  X-Varnish:493976394
7127 DEBUG [2013-03-14 09:08:02]  Age:0
7127 DEBUG [2013-03-14 09:08:02]  Via:1.1 varnish
7127 DEBUG [2013-03-14 09:08:02]  {"error":"User requests out of rate limit!","error_code":10023,"request":"/2/statuses/user_timeline.json"}

7130 DEBUG [2013-03-14 09:08:03]  Request:
7130 DEBUG [2013-03-14 09:08:03]  GET:https://api.weibo.com/2/statuses/user_timeline.json
7131 DEBUG [2013-03-14 09:08:03]  Authorization: OAuth2 2.00itKq1ClJMBkDc9b8527a28Tma5LE
7131 DEBUG [2013-03-14 09:08:03]  API-RemoteIP: 192.168.1.101
7188 DEBUG [2013-03-14 09:08:03]  Response:
7189 DEBUG [2013-03-14 09:08:03]  https StatusCode:403
7189 DEBUG [2013-03-14 09:08:03]  Server:nginx/1.2.0
7189 DEBUG [2013-03-14 09:08:03]  Date:Thu, 14 Mar 2013 01:08:39 GMT
7189 DEBUG [2013-03-14 09:08:03]  Content-Type:application/json;charset=UTF-8
7189 DEBUG [2013-03-14 09:08:03]  Content-Length:106
7189 DEBUG [2013-03-14 09:08:03]  Connection:keep-alive
7189 DEBUG [2013-03-14 09:08:03]  Api-Server-IP:10.75.24.203
7189 DEBUG [2013-03-14 09:08:03]  Vary:Accept-Encoding
7189 DEBUG [2013-03-14 09:08:03]  X-Varnish:880108485
7189 DEBUG [2013-03-14 09:08:03]  Age:0
7189 DEBUG [2013-03-14 09:08:03]  Via:1.1 varnish
7189 DEBUG [2013-03-14 09:08:03]  {"error":"User requests out of rate limit!","error_code":10023,"request":"/2/statuses/user_timeline.json"}

7191 DEBUG [2013-03-14 09:08:03]  Request:
7191 DEBUG [2013-03-14 09:08:03]  GET:https://api.weibo.com/2/statuses/user_timeline.json
7191 DEBUG [2013-03-14 09:08:03]  Authorization: OAuth2 2.00itKq1ClJMBkDc9b8527a28Tma5LE
7191 DEBUG [2013-03-14 09:08:03]  API-RemoteIP: 192.168.1.101
7253 DEBUG [2013-03-14 09:08:03]  Response:
7253 DEBUG [2013-03-14 09:08:03]  https StatusCode:403
7254 DEBUG [2013-03-14 09:08:03]  Server:nginx/1.2.0
7254 DEBUG [2013-03-14 09:08:03]  Date:Thu, 14 Mar 2013 01:08:39 GMT
7254 DEBUG [2013-03-14 09:08:03]  Content-Type:application/json;charset=UTF-8
7254 DEBUG [2013-03-14 09:08:03]  Content-Length:106
7254 DEBUG [2013-03-14 09:08:03]  Connection:keep-alive
7254 DEBUG [2013-03-14 09:08:03]  Api-Server-IP:10.75.5.97
7254 DEBUG [2013-03-14 09:08:03]  Vary:Accept-Encoding
7254 DEBUG [2013-03-14 09:08:03]  X-Varnish:1811825373
7254 DEBUG [2013-03-14 09:08:03]  Age:0
7254 DEBUG [2013-03-14 09:08:03]  Via:1.1 varnish
7254 DEBUG [2013-03-14 09:08:03]  {"error":"User requests out of rate limit!","error_code":10023,"request":"/2/statuses/user_timeline.json"}

7262 DEBUG [2013-03-14 09:08:03]  Request:
7262 DEBUG [2013-03-14 09:08:03]  GET:https://api.weibo.com/2/statuses/user_timeline.json
7263 DEBUG [2013-03-14 09:08:03]  Authorization: OAuth2 2.00itKq1ClJMBkDc9b8527a28Tma5LE
7263 DEBUG [2013-03-14 09:08:03]  API-RemoteIP: 192.168.1.101
7320 DEBUG [2013-03-14 09:08:03]  Response:
7321 DEBUG [2013-03-14 09:08:03]  https StatusCode:403
7321 DEBUG [2013-03-14 09:08:03]  Server:nginx/1.2.0
7321 DEBUG [2013-03-14 09:08:03]  Date:Thu, 14 Mar 2013 01:08:39 GMT
7321 DEBUG [2013-03-14 09:08:03]  Content-Type:application/json;charset=UTF-8
7321 DEBUG [2013-03-14 09:08:03]  Content-Length:106
7321 DEBUG [2013-03-14 09:08:03]  Connection:keep-alive
7321 DEBUG [2013-03-14 09:08:03]  Api-Server-IP:10.75.0.174
7321 DEBUG [2013-03-14 09:08:03]  Vary:Accept-Encoding
7321 DEBUG [2013-03-14 09:08:03]  X-Varnish:493977293
7321 DEBUG [2013-03-14 09:08:03]  Age:0
7321 DEBUG [2013-03-14 09:08:03]  Via:1.1 varnish
7321 DEBUG [2013-03-14 09:08:03]  {"error":"User requests out of rate limit!","error_code":10023,"request":"/2/statuses/user_timeline.json"}

7322 DEBUG [2013-03-14 09:08:03]  Request:
7322 DEBUG [2013-03-14 09:08:03]  GET:https://api.weibo.com/2/statuses/user_timeline.json
7323 DEBUG [2013-03-14 09:08:03]  Authorization: OAuth2 2.00itKq1ClJMBkDc9b8527a28Tma5LE
7323 DEBUG [2013-03-14 09:08:03]  API-RemoteIP: 192.168.1.101
7381 DEBUG [2013-03-14 09:08:03]  Response:
7384 DEBUG [2013-03-14 09:08:03]  https StatusCode:403
7384 DEBUG [2013-03-14 09:08:03]  Server:nginx/1.2.0
7384 DEBUG [2013-03-14 09:08:03]  Date:Thu, 14 Mar 2013 01:08:39 GMT
7384 DEBUG [2013-03-14 09:08:03]  Content-Type:application/json;charset=UTF-8
7384 DEBUG [2013-03-14 09:08:03]  Content-Length:106
7384 DEBUG [2013-03-14 09:08:03]  Connection:keep-alive
7384 DEBUG [2013-03-14 09:08:03]  Api-Server-IP:10.75.5.58
7384 DEBUG [2013-03-14 09:08:03]  Vary:Accept-Encoding
7384 DEBUG [2013-03-14 09:08:03]  X-Varnish:233253973
7384 DEBUG [2013-03-14 09:08:03]  Age:0
7385 DEBUG [2013-03-14 09:08:03]  Via:1.1 varnish
7385 DEBUG [2013-03-14 09:08:03]  {"error":"User requests out of rate limit!","error_code":10023,"request":"/2/statuses/user_timeline.json"}

